#
# There is insufficient memory for the Java Runtime Environment to continue.
# Native memory allocation (malloc) failed to allocate 1048576 bytes. Error detail: AllocateHeap
# Possible reasons:
#   The system is out of physical RAM or swap space
#   This process is running with CompressedOops enabled, and the Java Heap may be blocking the growth of the native heap
# Possible solutions:
#   Reduce memory load on the system
#   Increase physical memory or swap space
#   Check if swap backing store is full
#   Decrease Java heap size (-Xmx/-Xms)
#   Decrease number of Java threads
#   Decrease Java thread stack sizes (-Xss)
#   Set larger code cache with -XX:ReservedCodeCacheSize=
#   JVM is running with Unscaled Compressed Oops mode in which the Java heap is
#     placed in the first 4GB address space. The Java Heap base address is the
#     maximum limit for the native heap growth. Please use -XX:HeapBaseMinAddress
#     to set the Java Heap base and to place the Java Heap above 4GB virtual address.
# This output file may be truncated or incomplete.
#
#  Out of Memory Error (allocation.cpp:44), pid=21104, tid=19140
#
# JRE version: OpenJDK Runtime Environment Temurin-21.0.8+9 (21.0.8+9) (build 21.0.8+9-LTS)
# Java VM: OpenJDK 64-Bit Server VM Temurin-21.0.8+9 (21.0.8+9-LTS, mixed mode, sharing, tiered, compressed oops, compressed class ptrs, parallel gc, windows-amd64)
# No core dump will be written. Minidumps are not enabled by default on client versions of Windows
#

---------------  S U M M A R Y ------------

Command Line: --add-modules=ALL-SYSTEM --add-opens=java.base/java.util=ALL-UNNAMED --add-opens=java.base/java.lang=ALL-UNNAMED --add-opens=java.base/sun.nio.fs=ALL-UNNAMED -Declipse.application=org.eclipse.jdt.ls.core.id1 -Dosgi.bundles.defaultStartLevel=4 -Declipse.product=org.eclipse.jdt.ls.core.product -Djava.import.generatesMetadataFilesAtProjectRoot=false -DDetectVMInstallationsJob.disabled=true -Dfile.encoding=utf8 -XX:+UseParallelGC -XX:GCTimeRatio=4 -XX:AdaptiveSizePolicyWeight=90 -Dsun.zip.disableMemoryMapping=true -Xmx2G -Xms100m -Xlog:disable -javaagent:c:\Users\GLOITEL\.vscode\extensions\redhat.java-1.45.0-win32-x64\lombok\lombok-1.18.39-4050.jar -XX:+HeapDumpOnOutOfMemoryError -XX:HeapDumpPath=c:\Users\GLOITEL\AppData\Roaming\Code\User\workspaceStorage\7bd19591c6fd340a123f30891192f5b5\redhat.java -Daether.dependencyCollector.impl=bf c:\Users\GLOITEL\.vscode\extensions\redhat.java-1.45.0-win32-x64\server\plugins\org.eclipse.equinox.launcher_1.7.0.v20250519-0528.jar -configuration c:\Users\GLOITEL\AppData\Roaming\Code\User\globalStorage\redhat.java\1.45.0\config_win -data c:\Users\GLOITEL\AppData\Roaming\Code\User\workspaceStorage\7bd19591c6fd340a123f30891192f5b5\redhat.java\jdt_ws --pipe=\\.\pipe\lsp-6cafd645ea8d6dfe15d244b5d6fe550c-sock

Host: Intel(R) Core(TM) i5-8365U CPU @ 1.60GHz, 8 cores, 15G,  Windows 11 , 64 bit Build 26100 (10.0.26100.4768)
Time: Sun Sep  7 15:01:28 2025 India Standard Time elapsed time: 3077.598533 seconds (0d 0h 51m 17s)

---------------  T H R E A D  ---------------

Current thread (0x0000020dabee8c60):  JavaThread "Attach Listener" daemon [_thread_in_vm, id=19140, stack(0x0000008eb9b00000,0x0000008eb9c00000) (1024K)]

Stack: [0x0000008eb9b00000,0x0000008eb9c00000]
Native frames: (J=compiled Java code, j=interpreted, Vv=VM code, C=native code)
V  [jvm.dll+0x6d2449]
V  [jvm.dll+0x8ae341]
V  [jvm.dll+0x8b08be]
V  [jvm.dll+0x8b0fa3]
V  [jvm.dll+0x280c96]
V  [jvm.dll+0xc0347]
V  [jvm.dll+0x6d2cf9]
V  [jvm.dll+0x131116]
V  [jvm.dll+0x3f2d16]
V  [jvm.dll+0x857e6b]
V  [jvm.dll+0x6d0b0d]
C  [ucrtbase.dll+0x37b0]
C  [KERNEL32.DLL+0x2e8d7]
C  [ntdll.dll+0x3c34c]


---------------  P R O C E S S  ---------------

Threads class SMR info:
_java_thread_list=0x0000020df720b7a0, length=34, elements={
0x0000020d9386d3e0, 0x0000020dabee0070, 0x0000020dabee4160, 0x0000020dabee7db0,
0x0000020dabee8c60, 0x0000020dabeeb090, 0x0000020dabef21a0, 0x0000020dabf0c9c0,
0x0000020dabf0d5a0, 0x0000020deea83c50, 0x0000020deecd1ef0, 0x0000020df30b8e10,
0x0000020df30bb570, 0x0000020df30baee0, 0x0000020df30bbc00, 0x0000020df30b9b30,
0x0000020df30ba850, 0x0000020df35166a0, 0x0000020df3514c60, 0x0000020df35152f0,
0x0000020df35173c0, 0x0000020df3517a50, 0x0000020df3518770, 0x0000020df3518e00,
0x0000020df3519490, 0x0000020df35180e0, 0x0000020df3519b20, 0x0000020df351a1b0,
0x0000020df351a840, 0x0000020df6ea1c70, 0x0000020df6ea36b0, 0x0000020df6ea2300,
0x0000020df6ea2990, 0x0000020df65902f0
}

Java Threads: ( => current thread )
  0x0000020d9386d3e0 JavaThread "main"                              [_thread_blocked, id=21408, stack(0x0000008eb9400000,0x0000008eb9500000) (1024K)]
  0x0000020dabee0070 JavaThread "Reference Handler"          daemon [_thread_blocked, id=24612, stack(0x0000008eb9800000,0x0000008eb9900000) (1024K)]
  0x0000020dabee4160 JavaThread "Finalizer"                  daemon [_thread_blocked, id=3140, stack(0x0000008eb9900000,0x0000008eb9a00000) (1024K)]
  0x0000020dabee7db0 JavaThread "Signal Dispatcher"          daemon [_thread_blocked, id=22116, stack(0x0000008eb9a00000,0x0000008eb9b00000) (1024K)]
=>0x0000020dabee8c60 JavaThread "Attach Listener"            daemon [_thread_in_vm, id=19140, stack(0x0000008eb9b00000,0x0000008eb9c00000) (1024K)]
  0x0000020dabeeb090 JavaThread "Service Thread"             daemon [_thread_blocked, id=10300, stack(0x0000008eb9c00000,0x0000008eb9d00000) (1024K)]
  0x0000020dabef21a0 JavaThread "Monitor Deflation Thread"   daemon [_thread_blocked, id=21844, stack(0x0000008eb9d00000,0x0000008eb9e00000) (1024K)]
  0x0000020dabf0c9c0 JavaThread "C2 CompilerThread0"         daemon [_thread_blocked, id=19112, stack(0x0000008eb9e00000,0x0000008eb9f00000) (1024K)]
  0x0000020dabf0d5a0 JavaThread "C1 CompilerThread0"         daemon [_thread_blocked, id=17288, stack(0x0000008eb9f00000,0x0000008eba000000) (1024K)]
  0x0000020deea83c50 JavaThread "Common-Cleaner"             daemon [_thread_blocked, id=25996, stack(0x0000008eba000000,0x0000008eba100000) (1024K)]
  0x0000020deecd1ef0 JavaThread "Notification Thread"        daemon [_thread_blocked, id=22024, stack(0x0000008eba200000,0x0000008eba300000) (1024K)]
  0x0000020df30b8e10 JavaThread "Active Thread: Equinox Container: b239e378-20b0-4fb9-bfcd-d1fc9c464f22"        [_thread_blocked, id=22504, stack(0x0000008eba900000,0x0000008ebaa00000) (1024K)]
  0x0000020df30bb570 JavaThread "Framework Event Dispatcher: Equinox Container: b239e378-20b0-4fb9-bfcd-d1fc9c464f22" daemon [_thread_blocked, id=13016, stack(0x0000008ebb000000,0x0000008ebb100000) (1024K)]
  0x0000020df30baee0 JavaThread "Start Level: Equinox Container: b239e378-20b0-4fb9-bfcd-d1fc9c464f22" daemon [_thread_blocked, id=20940, stack(0x0000008ebb200000,0x0000008ebb300000) (1024K)]
  0x0000020df30bbc00 JavaThread "Refresh Thread: Equinox Container: b239e378-20b0-4fb9-bfcd-d1fc9c464f22" daemon [_thread_blocked, id=8116, stack(0x0000008ebb300000,0x0000008ebb400000) (1024K)]
  0x0000020df30b9b30 JavaThread "Bundle File Closer"         daemon [_thread_blocked, id=24660, stack(0x0000008eba100000,0x0000008eba200000) (1024K)]
  0x0000020df30ba850 JavaThread "SCR Component Actor"        daemon [_thread_blocked, id=9252, stack(0x0000008ebab00000,0x0000008ebac00000) (1024K)]
  0x0000020df35166a0 JavaThread "Worker-JM"                         [_thread_blocked, id=25120, stack(0x0000008ebad00000,0x0000008ebae00000) (1024K)]
  0x0000020df3514c60 JavaThread "Worker-3"                          [_thread_blocked, id=12884, stack(0x0000008ebb600000,0x0000008ebb700000) (1024K)]
  0x0000020df35152f0 JavaThread "Java indexing"              daemon [_thread_blocked, id=14580, stack(0x0000008ebb700000,0x0000008ebb800000) (1024K)]
  0x0000020df35173c0 JavaThread "JNA Cleaner"                daemon [_thread_blocked, id=16056, stack(0x0000008ebb900000,0x0000008ebba00000) (1024K)]
  0x0000020df3517a50 JavaThread "Thread-2"                   daemon [_thread_in_native, id=6024, stack(0x0000008ebbe00000,0x0000008ebbf00000) (1024K)]
  0x0000020df3518770 JavaThread "Thread-3"                   daemon [_thread_in_native, id=8608, stack(0x0000008ebbf00000,0x0000008ebc000000) (1024K)]
  0x0000020df3518e00 JavaThread "Thread-4"                   daemon [_thread_in_native, id=18784, stack(0x0000008ebc000000,0x0000008ebc100000) (1024K)]
  0x0000020df3519490 JavaThread "Thread-5"                   daemon [_thread_in_native, id=26108, stack(0x0000008ebc100000,0x0000008ebc200000) (1024K)]
  0x0000020df35180e0 JavaThread "Thread-6"                   daemon [_thread_in_native, id=8132, stack(0x0000008ebc200000,0x0000008ebc300000) (1024K)]
  0x0000020df3519b20 JavaThread "Thread-7"                   daemon [_thread_in_native, id=26588, stack(0x0000008ebc300000,0x0000008ebc400000) (1024K)]
  0x0000020df351a1b0 JavaThread "Thread-8"                   daemon [_thread_in_native, id=20248, stack(0x0000008ebc400000,0x0000008ebc500000) (1024K)]
  0x0000020df351a840 JavaThread "Thread-9"                   daemon [_thread_in_native, id=22720, stack(0x0000008ebc500000,0x0000008ebc600000) (1024K)]
  0x0000020df6ea1c70 JavaThread "Thread-10"                  daemon [_thread_in_native, id=25584, stack(0x0000008ebc600000,0x0000008ebc700000) (1024K)]
  0x0000020df6ea36b0 JavaThread "pool-2-thread-1"                   [_thread_blocked, id=25100, stack(0x0000008ebc700000,0x0000008ebc800000) (1024K)]
  0x0000020df6ea2300 JavaThread "WorkspaceEventsHandler"            [_thread_blocked, id=17224, stack(0x0000008ebc800000,0x0000008ebc900000) (1024K)]
  0x0000020df6ea2990 JavaThread "pool-1-thread-1"                   [_thread_blocked, id=12412, stack(0x0000008ebc900000,0x0000008ebca00000) (1024K)]
  0x0000020df65902f0 JavaThread "Worker-7"                          [_thread_blocked, id=22108, stack(0x0000008eb9100000,0x0000008eb9200000) (1024K)]
Total: 34

Other Threads:
  0x0000020d9392eb70 VMThread "VM Thread"                           [id=22972, stack(0x0000008eb9700000,0x0000008eb9800000) (1024K)]
  0x0000020dabdfc8e0 WatcherThread "VM Periodic Task Thread"        [id=25824, stack(0x0000008eb9600000,0x0000008eb9700000) (1024K)]
  0x0000020d9388be30 WorkerThread "GC Thread#0"                     [id=21392, stack(0x0000008eb9500000,0x0000008eb9600000) (1024K)]
  0x0000020df37a4d50 WorkerThread "GC Thread#1"                     [id=26364, stack(0x0000008eba300000,0x0000008eba400000) (1024K)]
  0x0000020df37a32e0 WorkerThread "GC Thread#2"                     [id=13908, stack(0x0000008eba400000,0x0000008eba500000) (1024K)]
  0x0000020df3323720 WorkerThread "GC Thread#3"                     [id=21420, stack(0x0000008eba500000,0x0000008eba600000) (1024K)]
  0x0000020df3323ac0 WorkerThread "GC Thread#4"                     [id=21920, stack(0x0000008eba600000,0x0000008eba700000) (1024K)]
  0x0000020df33c5790 WorkerThread "GC Thread#5"                     [id=26448, stack(0x0000008eba700000,0x0000008eba800000) (1024K)]
  0x0000020df33c5b30 WorkerThread "GC Thread#6"                     [id=25832, stack(0x0000008eba800000,0x0000008eba900000) (1024K)]
  0x0000020df3501900 WorkerThread "GC Thread#7"                     [id=26568, stack(0x0000008ebb100000,0x0000008ebb200000) (1024K)]
Total: 10

Threads with active compile tasks:
Total: 0

VM state: not at safepoint (normal execution)

VM Mutex/Monitor currently owned by a thread: None

Heap address: 0x0000000080000000, size: 2048 MB, Compressed Oops mode: 32-bit

CDS archive(s) mapped at: [0x0000020dac000000-0x0000020dacba0000-0x0000020dacba0000), size 12189696, SharedBaseAddress: 0x0000020dac000000, ArchiveRelocationMode: 1.
Compressed class space mapped at: 0x0000020dad000000-0x0000020ded000000, reserved size: 1073741824
Narrow klass base: 0x0000020dac000000, Narrow klass shift: 0, Narrow klass range: 0x100000000

GC Precious Log:
 CardTable entry size: 512
 CPUs: 8 total, 8 available
 Memory: 16190M
 Large Page Support: Disabled
 NUMA Support: Disabled
 Compressed Oops: Enabled (32-bit)
 Alignments: Space 512K, Generation 512K, Heap 2M
 Heap Min Capacity: 100M
 Heap Initial Capacity: 100M
 Heap Max Capacity: 2G
 Pre-touch: Disabled
 Parallel Workers: 8

Heap:
 PSYoungGen      total 6144K, used 1221K [0x00000000d5580000, 0x00000000d5e00000, 0x0000000100000000)
  eden space 5632K, 13% used [0x00000000d5580000,0x00000000d56414f8,0x00000000d5b00000)
  from space 512K, 87% used [0x00000000d5d80000,0x00000000d5df0000,0x00000000d5e00000)
  to   space 1024K, 0% used [0x00000000d5c00000,0x00000000d5c00000,0x00000000d5d00000)
 ParOldGen       total 1085952K, used 1085765K [0x0000000080000000, 0x00000000c2480000, 0x00000000d5580000)
  object space 1085952K, 99% used [0x0000000080000000,0x00000000c2451720,0x00000000c2480000)
 Metaspace       used 79499K, committed 81152K, reserved 1179648K
  class space    used 8120K, committed 8832K, reserved 1048576K

Card table byte_map: [0x0000020da7260000,0x0000020da7670000] _byte_map_base: 0x0000020da6e60000

Marking Bits: (ParMarkBitMap*) 0x00007ff9c2c6a340
 Begin Bits: [0x0000020da7920000, 0x0000020da9920000)
 End Bits:   [0x0000020da9920000, 0x0000020dab920000)

Polling page: 0x0000020d93610000

Metaspace:

Usage:
  Non-class:     69.71 MB used.
      Class:      7.93 MB used.
       Both:     77.64 MB used.

Virtual space:
  Non-class space:      128.00 MB reserved,      70.62 MB ( 55%) committed,  2 nodes.
      Class space:        1.00 GB reserved,       8.62 MB ( <1%) committed,  1 nodes.
             Both:        1.12 GB reserved,      79.25 MB (  7%) committed. 

Chunk freelists:
   Non-Class:  8.61 MB
       Class:  7.19 MB
        Both:  15.80 MB

MaxMetaspaceSize: unlimited
CompressedClassSpaceSize: 1.00 GB
Initial GC threshold: 21.00 MB
Current GC threshold: 128.88 MB
CDS: on
 - commit_granule_bytes: 65536.
 - commit_granule_words: 8192.
 - virtual_space_node_default_size: 8388608.
 - enlarge_chunks_in_place: 1.
 - use_allocation_guard: 0.


Internal statistics:

num_allocs_failed_limit: 9.
num_arena_births: 1520.
num_arena_deaths: 52.
num_vsnodes_births: 3.
num_vsnodes_deaths: 0.
num_space_committed: 1268.
num_space_uncommitted: 0.
num_chunks_returned_to_freelist: 72.
num_chunks_taken_from_freelist: 5373.
num_chunk_merges: 17.
num_chunk_splits: 3149.
num_chunks_enlarged: 1687.
num_inconsistent_stats: 0.

CodeHeap 'non-profiled nmethods': size=120000Kb used=19781Kb max_used=19781Kb free=100218Kb
 bounds [0x0000020d9fb50000, 0x0000020da0eb0000, 0x0000020da7080000]
CodeHeap 'profiled nmethods': size=120000Kb used=44629Kb max_used=44629Kb free=75370Kb
 bounds [0x0000020d98080000, 0x0000020d9ac20000, 0x0000020d9f5b0000]
CodeHeap 'non-nmethods': size=5760Kb used=1508Kb max_used=1637Kb free=4251Kb
 bounds [0x0000020d9f5b0000, 0x0000020d9f820000, 0x0000020d9fb50000]
CodeCache: size=245760Kb, used=65918Kb, max_used=66047Kb, free=179839Kb
 total_blobs=18722, nmethods=17899, adapters=725, full_count=0
Compilation: enabled, stopped_count=0, restarted_count=0

Compilation events (20 events):
Event: 2825.015 Thread 0x0000020dabf0d5a0 19982       3       org.eclipse.lsp4j.jsonrpc.json.adapters.MessageTypeAdapter$Factory::create (27 bytes)
Event: 2825.018 Thread 0x0000020dabf0d5a0 nmethod 19982 0x0000020d9ac13c90 code [0x0000020d9ac13e60, 0x0000020d9ac141e8]
Event: 2825.031 Thread 0x0000020dabf0d5a0 19983   !   3       org.eclipse.lsp4j.jsonrpc.json.adapters.EnumTypeAdapter$Factory::create (55 bytes)
Event: 2825.032 Thread 0x0000020dabf0d5a0 nmethod 19983 0x0000020d9ac14390 code [0x0000020d9ac145c0, 0x0000020d9ac14b10]
Event: 2825.061 Thread 0x0000020dabf0c9c0 19984       4       java.lang.invoke.MethodType::methodType (44 bytes)
Event: 2825.065 Thread 0x0000020dabf0c9c0 nmethod 19984 0x0000020da0e9f390 code [0x0000020da0e9f540, 0x0000020da0e9f700]
Event: 2825.081 Thread 0x0000020dabf0c9c0 19985       4       java.util.ImmutableCollections$Set12$1::next (95 bytes)
Event: 2825.083 Thread 0x0000020dabf0c9c0 nmethod 19985 0x0000020da0e9f890 code [0x0000020da0e9fa20, 0x0000020da0e9fb10]
Event: 2825.515 Thread 0x0000020dabf0c9c0 19986       4       java.lang.Class::descriptorString (170 bytes)
Event: 2825.580 Thread 0x0000020dabf0c9c0 nmethod 19986 0x0000020da0e9fc10 code [0x0000020da0e9fe60, 0x0000020da0ea0a38]
Event: 2825.580 Thread 0x0000020dabf0c9c0 19987       4       java.util.LinkedList$ListItr::hasNext (20 bytes)
Event: 2825.582 Thread 0x0000020dabf0c9c0 nmethod 19987 0x0000020da0ea1010 code [0x0000020da0ea11a0, 0x0000020da0ea1250]
Event: 2837.298 Thread 0x0000020dabf0d5a0 19988       3       org.eclipse.core.internal.resources.Resource::isTeamPrivateMember (51 bytes)
Event: 2837.306 Thread 0x0000020dabf0d5a0 nmethod 19988 0x0000020d9ac14d90 code [0x0000020d9ac14fa0, 0x0000020d9ac15768]
Event: 2837.306 Thread 0x0000020dabf0d5a0 19990       3       org.eclipse.core.internal.dtree.AbstractDataTree::<init> (5 bytes)
Event: 2837.306 Thread 0x0000020dabf0d5a0 nmethod 19990 0x0000020d9ac15990 code [0x0000020d9ac15b40, 0x0000020d9ac15ca8]
Event: 2837.307 Thread 0x0000020dabf0d5a0 19989  s    3       org.eclipse.core.internal.events.AutoBuildJob::interrupt (99 bytes)
Event: 2837.311 Thread 0x0000020dabf0d5a0 nmethod 19989 0x0000020d9ac15d90 code [0x0000020d9ac16080, 0x0000020d9ac17268]
Event: 2837.312 Thread 0x0000020dabf0d5a0 19991       1       org.eclipse.core.internal.dtree.DeltaDataTree::setParent (6 bytes)
Event: 2837.312 Thread 0x0000020dabf0d5a0 nmethod 19991 0x0000020da0ea1310 code [0x0000020da0ea14a0, 0x0000020da0ea1588]

GC Heap History (20 events):
Event: 202.640 GC heap before
{Heap before GC invocations=2535 (full 4):
 PSYoungGen      total 6144K, used 5824K [0x00000000d5580000, 0x00000000d5e00000, 0x0000000100000000)
  eden space 5632K, 100% used [0x00000000d5580000,0x00000000d5b00000,0x00000000d5b00000)
  from space 512K, 37% used [0x00000000d5d80000,0x00000000d5db0000,0x00000000d5e00000)
  to   space 512K, 0% used [0x00000000d5d00000,0x00000000d5d00000,0x00000000d5d80000)
 ParOldGen       total 1081344K, used 1081168K [0x0000000080000000, 0x00000000c2000000, 0x00000000d5580000)
  object space 1081344K, 99% used [0x0000000080000000,0x00000000c1fd41e0,0x00000000c2000000)
 Metaspace       used 79404K, committed 81088K, reserved 1179648K
  class space    used 8112K, committed 8832K, reserved 1048576K
}
Event: 202.645 GC heap after
{Heap after GC invocations=2535 (full 4):
 PSYoungGen      total 6144K, used 224K [0x00000000d5580000, 0x00000000d5e00000, 0x0000000100000000)
  eden space 5632K, 0% used [0x00000000d5580000,0x00000000d5580000,0x00000000d5b00000)
  from space 512K, 43% used [0x00000000d5d00000,0x00000000d5d38000,0x00000000d5d80000)
  to   space 512K, 0% used [0x00000000d5d80000,0x00000000d5d80000,0x00000000d5e00000)
 ParOldGen       total 1081344K, used 1081232K [0x0000000080000000, 0x00000000c2000000, 0x00000000d5580000)
  object space 1081344K, 99% used [0x0000000080000000,0x00000000c1fe41e0,0x00000000c2000000)
 Metaspace       used 79404K, committed 81088K, reserved 1179648K
  class space    used 8112K, committed 8832K, reserved 1048576K
}
Event: 202.666 GC heap before
{Heap before GC invocations=2536 (full 4):
 PSYoungGen      total 6144K, used 5227K [0x00000000d5580000, 0x00000000d5e00000, 0x0000000100000000)
  eden space 5632K, 88% used [0x00000000d5580000,0x00000000d5a62ed0,0x00000000d5b00000)
  from space 512K, 43% used [0x00000000d5d00000,0x00000000d5d38000,0x00000000d5d80000)
  to   space 512K, 0% used [0x00000000d5d80000,0x00000000d5d80000,0x00000000d5e00000)
 ParOldGen       total 1081344K, used 1081232K [0x0000000080000000, 0x00000000c2000000, 0x00000000d5580000)
  object space 1081344K, 99% used [0x0000000080000000,0x00000000c1fe41e0,0x00000000c2000000)
 Metaspace       used 79411K, committed 81088K, reserved 1179648K
  class space    used 8112K, committed 8832K, reserved 1048576K
}
Event: 202.671 GC heap after
{Heap after GC invocations=2536 (full 4):
 PSYoungGen      total 6144K, used 512K [0x00000000d5580000, 0x00000000d5e00000, 0x0000000100000000)
  eden space 5632K, 0% used [0x00000000d5580000,0x00000000d5580000,0x00000000d5b00000)
  from space 512K, 100% used [0x00000000d5d80000,0x00000000d5e00000,0x00000000d5e00000)
  to   space 1024K, 0% used [0x00000000d5c00000,0x00000000d5c00000,0x00000000d5d00000)
 ParOldGen       total 1081344K, used 1081288K [0x0000000080000000, 0x00000000c2000000, 0x00000000d5580000)
  object space 1081344K, 99% used [0x0000000080000000,0x00000000c1ff21e0,0x00000000c2000000)
 Metaspace       used 79411K, committed 81088K, reserved 1179648K
  class space    used 8112K, committed 8832K, reserved 1048576K
}
Event: 202.699 GC heap before
{Heap before GC invocations=2537 (full 4):
 PSYoungGen      total 6144K, used 6144K [0x00000000d5580000, 0x00000000d5e00000, 0x0000000100000000)
  eden space 5632K, 100% used [0x00000000d5580000,0x00000000d5b00000,0x00000000d5b00000)
  from space 512K, 100% used [0x00000000d5d80000,0x00000000d5e00000,0x00000000d5e00000)
  to   space 1024K, 0% used [0x00000000d5c00000,0x00000000d5c00000,0x00000000d5d00000)
 ParOldGen       total 1081344K, used 1081288K [0x0000000080000000, 0x00000000c2000000, 0x00000000d5580000)
  object space 1081344K, 99% used [0x0000000080000000,0x00000000c1ff21e0,0x00000000c2000000)
 Metaspace       used 79412K, committed 81088K, reserved 1179648K
  class space    used 8112K, committed 8832K, reserved 1048576K
}
Event: 202.704 GC heap after
{Heap after GC invocations=2537 (full 4):
 PSYoungGen      total 6656K, used 128K [0x00000000d5580000, 0x00000000d5e00000, 0x0000000100000000)
  eden space 5632K, 0% used [0x00000000d5580000,0x00000000d5580000,0x00000000d5b00000)
  from space 1024K, 12% used [0x00000000d5c00000,0x00000000d5c20000,0x00000000d5d00000)
  to   space 512K, 0% used [0x00000000d5d80000,0x00000000d5d80000,0x00000000d5e00000)
 ParOldGen       total 1081856K, used 1081680K [0x0000000080000000, 0x00000000c2080000, 0x00000000d5580000)
  object space 1081856K, 99% used [0x0000000080000000,0x00000000c20541e0,0x00000000c2080000)
 Metaspace       used 79412K, committed 81088K, reserved 1179648K
  class space    used 8112K, committed 8832K, reserved 1048576K
}
Event: 202.732 GC heap before
{Heap before GC invocations=2538 (full 4):
 PSYoungGen      total 6656K, used 5760K [0x00000000d5580000, 0x00000000d5e00000, 0x0000000100000000)
  eden space 5632K, 100% used [0x00000000d5580000,0x00000000d5b00000,0x00000000d5b00000)
  from space 1024K, 12% used [0x00000000d5c00000,0x00000000d5c20000,0x00000000d5d00000)
  to   space 512K, 0% used [0x00000000d5d80000,0x00000000d5d80000,0x00000000d5e00000)
 ParOldGen       total 1081856K, used 1081680K [0x0000000080000000, 0x00000000c2080000, 0x00000000d5580000)
  object space 1081856K, 99% used [0x0000000080000000,0x00000000c20541e0,0x00000000c2080000)
 Metaspace       used 79412K, committed 81088K, reserved 1179648K
  class space    used 8112K, committed 8832K, reserved 1048576K
}
Event: 202.735 GC heap after
{Heap after GC invocations=2538 (full 4):
 PSYoungGen      total 6144K, used 288K [0x00000000d5580000, 0x00000000d5e00000, 0x0000000100000000)
  eden space 5632K, 0% used [0x00000000d5580000,0x00000000d5580000,0x00000000d5b00000)
  from space 512K, 56% used [0x00000000d5d80000,0x00000000d5dc8000,0x00000000d5e00000)
  to   space 512K, 0% used [0x00000000d5d00000,0x00000000d5d00000,0x00000000d5d80000)
 ParOldGen       total 1081856K, used 1081720K [0x0000000080000000, 0x00000000c2080000, 0x00000000d5580000)
  object space 1081856K, 99% used [0x0000000080000000,0x00000000c205e1e0,0x00000000c2080000)
 Metaspace       used 79412K, committed 81088K, reserved 1179648K
  class space    used 8112K, committed 8832K, reserved 1048576K
}
Event: 202.752 GC heap before
{Heap before GC invocations=2539 (full 4):
 PSYoungGen      total 6144K, used 5920K [0x00000000d5580000, 0x00000000d5e00000, 0x0000000100000000)
  eden space 5632K, 100% used [0x00000000d5580000,0x00000000d5b00000,0x00000000d5b00000)
  from space 512K, 56% used [0x00000000d5d80000,0x00000000d5dc8000,0x00000000d5e00000)
  to   space 512K, 0% used [0x00000000d5d00000,0x00000000d5d00000,0x00000000d5d80000)
 ParOldGen       total 1081856K, used 1081720K [0x0000000080000000, 0x00000000c2080000, 0x00000000d5580000)
  object space 1081856K, 99% used [0x0000000080000000,0x00000000c205e1e0,0x00000000c2080000)
 Metaspace       used 79412K, committed 81088K, reserved 1179648K
  class space    used 8112K, committed 8832K, reserved 1048576K
}
Event: 202.757 GC heap after
{Heap after GC invocations=2539 (full 4):
 PSYoungGen      total 6144K, used 416K [0x00000000d5580000, 0x00000000d5e00000, 0x0000000100000000)
  eden space 5632K, 0% used [0x00000000d5580000,0x00000000d5580000,0x00000000d5b00000)
  from space 512K, 81% used [0x00000000d5d00000,0x00000000d5d68000,0x00000000d5d80000)
  to   space 512K, 0% used [0x00000000d5d80000,0x00000000d5d80000,0x00000000d5e00000)
 ParOldGen       total 1081856K, used 1081776K [0x0000000080000000, 0x00000000c2080000, 0x00000000d5580000)
  object space 1081856K, 99% used [0x0000000080000000,0x00000000c206c1e0,0x00000000c2080000)
 Metaspace       used 79412K, committed 81088K, reserved 1179648K
  class space    used 8112K, committed 8832K, reserved 1048576K
}
Event: 202.811 GC heap before
{Heap before GC invocations=2540 (full 4):
 PSYoungGen      total 6144K, used 5927K [0x00000000d5580000, 0x00000000d5e00000, 0x0000000100000000)
  eden space 5632K, 97% used [0x00000000d5580000,0x00000000d5ae1f08,0x00000000d5b00000)
  from space 512K, 81% used [0x00000000d5d00000,0x00000000d5d68000,0x00000000d5d80000)
  to   space 512K, 0% used [0x00000000d5d80000,0x00000000d5d80000,0x00000000d5e00000)
 ParOldGen       total 1081856K, used 1081776K [0x0000000080000000, 0x00000000c2080000, 0x00000000d5580000)
  object space 1081856K, 99% used [0x0000000080000000,0x00000000c206c1e0,0x00000000c2080000)
 Metaspace       used 79414K, committed 81088K, reserved 1179648K
  class space    used 8112K, committed 8832K, reserved 1048576K
}
Event: 202.820 GC heap after
{Heap after GC invocations=2540 (full 4):
 PSYoungGen      total 6144K, used 256K [0x00000000d5580000, 0x00000000d5e00000, 0x0000000100000000)
  eden space 5632K, 0% used [0x00000000d5580000,0x00000000d5580000,0x00000000d5b00000)
  from space 512K, 50% used [0x00000000d5d80000,0x00000000d5dc0000,0x00000000d5e00000)
  to   space 512K, 0% used [0x00000000d5d00000,0x00000000d5d00000,0x00000000d5d80000)
 ParOldGen       total 1084928K, used 1084793K [0x0000000080000000, 0x00000000c2380000, 0x00000000d5580000)
  object space 1084928K, 99% used [0x0000000080000000,0x00000000c235e710,0x00000000c2380000)
 Metaspace       used 79414K, committed 81088K, reserved 1179648K
  class space    used 8112K, committed 8832K, reserved 1048576K
}
Event: 202.840 GC heap before
{Heap before GC invocations=2541 (full 4):
 PSYoungGen      total 6144K, used 4858K [0x00000000d5580000, 0x00000000d5e00000, 0x0000000100000000)
  eden space 5632K, 81% used [0x00000000d5580000,0x00000000d59feaa8,0x00000000d5b00000)
  from space 512K, 50% used [0x00000000d5d80000,0x00000000d5dc0000,0x00000000d5e00000)
  to   space 512K, 0% used [0x00000000d5d00000,0x00000000d5d00000,0x00000000d5d80000)
 ParOldGen       total 1084928K, used 1084793K [0x0000000080000000, 0x00000000c2380000, 0x00000000d5580000)
  object space 1084928K, 99% used [0x0000000080000000,0x00000000c235e710,0x00000000c2380000)
 Metaspace       used 79414K, committed 81088K, reserved 1179648K
  class space    used 8112K, committed 8832K, reserved 1048576K
}
Event: 202.845 GC heap after
{Heap after GC invocations=2541 (full 4):
 PSYoungGen      total 6144K, used 160K [0x00000000d5580000, 0x00000000d5e00000, 0x0000000100000000)
  eden space 5632K, 0% used [0x00000000d5580000,0x00000000d5580000,0x00000000d5b00000)
  from space 512K, 31% used [0x00000000d5d00000,0x00000000d5d28000,0x00000000d5d80000)
  to   space 512K, 0% used [0x00000000d5d80000,0x00000000d5d80000,0x00000000d5e00000)
 ParOldGen       total 1085440K, used 1084933K [0x0000000080000000, 0x00000000c2400000, 0x00000000d5580000)
  object space 1085440K, 99% used [0x0000000080000000,0x00000000c2381720,0x00000000c2400000)
 Metaspace       used 79414K, committed 81088K, reserved 1179648K
  class space    used 8112K, committed 8832K, reserved 1048576K
}
Event: 202.862 GC heap before
{Heap before GC invocations=2542 (full 4):
 PSYoungGen      total 6144K, used 5792K [0x00000000d5580000, 0x00000000d5e00000, 0x0000000100000000)
  eden space 5632K, 100% used [0x00000000d5580000,0x00000000d5b00000,0x00000000d5b00000)
  from space 512K, 31% used [0x00000000d5d00000,0x00000000d5d28000,0x00000000d5d80000)
  to   space 512K, 0% used [0x00000000d5d80000,0x00000000d5d80000,0x00000000d5e00000)
 ParOldGen       total 1085440K, used 1084933K [0x0000000080000000, 0x00000000c2400000, 0x00000000d5580000)
  object space 1085440K, 99% used [0x0000000080000000,0x00000000c2381720,0x00000000c2400000)
 Metaspace       used 79414K, committed 81088K, reserved 1179648K
  class space    used 8112K, committed 8832K, reserved 1048576K
}
Event: 202.867 GC heap after
{Heap after GC invocations=2542 (full 4):
 PSYoungGen      total 6144K, used 352K [0x00000000d5580000, 0x00000000d5e00000, 0x0000000100000000)
  eden space 5632K, 0% used [0x00000000d5580000,0x00000000d5580000,0x00000000d5b00000)
  from space 512K, 68% used [0x00000000d5d80000,0x00000000d5dd8000,0x00000000d5e00000)
  to   space 512K, 0% used [0x00000000d5d00000,0x00000000d5d00000,0x00000000d5d80000)
 ParOldGen       total 1085440K, used 1084957K [0x0000000080000000, 0x00000000c2400000, 0x00000000d5580000)
  object space 1085440K, 99% used [0x0000000080000000,0x00000000c2387720,0x00000000c2400000)
 Metaspace       used 79414K, committed 81088K, reserved 1179648K
  class space    used 8112K, committed 8832K, reserved 1048576K
}
Event: 202.889 GC heap before
{Heap before GC invocations=2543 (full 4):
 PSYoungGen      total 6144K, used 5984K [0x00000000d5580000, 0x00000000d5e00000, 0x0000000100000000)
  eden space 5632K, 100% used [0x00000000d5580000,0x00000000d5b00000,0x00000000d5b00000)
  from space 512K, 68% used [0x00000000d5d80000,0x00000000d5dd8000,0x00000000d5e00000)
  to   space 512K, 0% used [0x00000000d5d00000,0x00000000d5d00000,0x00000000d5d80000)
 ParOldGen       total 1085440K, used 1084957K [0x0000000080000000, 0x00000000c2400000, 0x00000000d5580000)
  object space 1085440K, 99% used [0x0000000080000000,0x00000000c2387720,0x00000000c2400000)
 Metaspace       used 79415K, committed 81088K, reserved 1179648K
  class space    used 8112K, committed 8832K, reserved 1048576K
}
Event: 202.894 GC heap after
{Heap after GC invocations=2543 (full 4):
 PSYoungGen      total 6144K, used 512K [0x00000000d5580000, 0x00000000d5e00000, 0x0000000100000000)
  eden space 5632K, 0% used [0x00000000d5580000,0x00000000d5580000,0x00000000d5b00000)
  from space 512K, 100% used [0x00000000d5d00000,0x00000000d5d80000,0x00000000d5d80000)
  to   space 512K, 0% used [0x00000000d5d80000,0x00000000d5d80000,0x00000000d5e00000)
 ParOldGen       total 1085440K, used 1085253K [0x0000000080000000, 0x00000000c2400000, 0x00000000d5580000)
  object space 1085440K, 99% used [0x0000000080000000,0x00000000c23d1720,0x00000000c2400000)
 Metaspace       used 79415K, committed 81088K, reserved 1179648K
  class space    used 8112K, committed 8832K, reserved 1048576K
}
Event: 2825.122 GC heap before
{Heap before GC invocations=2544 (full 4):
 PSYoungGen      total 6144K, used 6143K [0x00000000d5580000, 0x00000000d5e00000, 0x0000000100000000)
  eden space 5632K, 99% used [0x00000000d5580000,0x00000000d5afffe0,0x00000000d5b00000)
  from space 512K, 100% used [0x00000000d5d00000,0x00000000d5d80000,0x00000000d5d80000)
  to   space 512K, 0% used [0x00000000d5d80000,0x00000000d5d80000,0x00000000d5e00000)
 ParOldGen       total 1085440K, used 1085253K [0x0000000080000000, 0x00000000c2400000, 0x00000000d5580000)
  object space 1085440K, 99% used [0x0000000080000000,0x00000000c23d1720,0x00000000c2400000)
 Metaspace       used 79495K, committed 81152K, reserved 1179648K
  class space    used 8119K, committed 8832K, reserved 1048576K
}
Event: 2825.501 GC heap after
{Heap after GC invocations=2544 (full 4):
 PSYoungGen      total 6144K, used 448K [0x00000000d5580000, 0x00000000d5e00000, 0x0000000100000000)
  eden space 5632K, 0% used [0x00000000d5580000,0x00000000d5580000,0x00000000d5b00000)
  from space 512K, 87% used [0x00000000d5d80000,0x00000000d5df0000,0x00000000d5e00000)
  to   space 1024K, 0% used [0x00000000d5c00000,0x00000000d5c00000,0x00000000d5d00000)
 ParOldGen       total 1085952K, used 1085765K [0x0000000080000000, 0x00000000c2480000, 0x00000000d5580000)
  object space 1085952K, 99% used [0x0000000080000000,0x00000000c2451720,0x00000000c2480000)
 Metaspace       used 79495K, committed 81152K, reserved 1179648K
  class space    used 8119K, committed 8832K, reserved 1048576K
}

Dll operation events (14 events):
Event: 0.030 Loaded shared library c:\Users\GLOITEL\.vscode\extensions\redhat.java-1.45.0-win32-x64\jre\21.0.8-win32-x86_64\bin\java.dll
Event: 0.183 Loaded shared library c:\Users\GLOITEL\.vscode\extensions\redhat.java-1.45.0-win32-x64\jre\21.0.8-win32-x86_64\bin\zip.dll
Event: 0.247 Loaded shared library C:\Users\GLOITEL\.vscode\extensions\redhat.java-1.45.0-win32-x64\jre\21.0.8-win32-x86_64\bin\instrument.dll
Event: 0.258 Loaded shared library C:\Users\GLOITEL\.vscode\extensions\redhat.java-1.45.0-win32-x64\jre\21.0.8-win32-x86_64\bin\net.dll
Event: 0.262 Loaded shared library C:\Users\GLOITEL\.vscode\extensions\redhat.java-1.45.0-win32-x64\jre\21.0.8-win32-x86_64\bin\nio.dll
Event: 0.267 Loaded shared library C:\Users\GLOITEL\.vscode\extensions\redhat.java-1.45.0-win32-x64\jre\21.0.8-win32-x86_64\bin\zip.dll
Event: 0.303 Loaded shared library C:\Users\GLOITEL\.vscode\extensions\redhat.java-1.45.0-win32-x64\jre\21.0.8-win32-x86_64\bin\jimage.dll
Event: 0.499 Loaded shared library c:\Users\GLOITEL\.vscode\extensions\redhat.java-1.45.0-win32-x64\jre\21.0.8-win32-x86_64\bin\verify.dll
Event: 11.288 Loaded shared library C:\Users\GLOITEL\AppData\Roaming\Code\User\globalStorage\redhat.java\1.45.0\config_win\org.eclipse.equinox.launcher\org.eclipse.equinox.launcher.win32.win32.x86_64_1.2.1400.v20250801-0854\eclipse_11916.dll
Event: 31.607 Loaded shared library C:\Users\GLOITEL\.vscode\extensions\redhat.java-1.45.0-win32-x64\jre\21.0.8-win32-x86_64\bin\management.dll
Event: 31.617 Loaded shared library C:\Users\GLOITEL\.vscode\extensions\redhat.java-1.45.0-win32-x64\jre\21.0.8-win32-x86_64\bin\management_ext.dll
Event: 35.497 Loaded shared library C:\Users\GLOITEL\AppData\Local\Temp\jna-839283228\jna4081868715734600811.dll
Event: 36.028 Loaded shared library C:\Users\GLOITEL\.vscode\extensions\redhat.java-1.45.0-win32-x64\jre\21.0.8-win32-x86_64\bin\sunmscapi.dll
Event: 36.834 Loaded shared library C:\Users\GLOITEL\.vscode\extensions\redhat.java-1.45.0-win32-x64\jre\21.0.8-win32-x86_64\bin\extnet.dll

Deoptimization events (20 events):
Event: 202.872 Thread 0x0000020dfb244c30 DEOPT PACKING pc=0x0000020da06f2f98 sp=0x0000008ebe3fdfa0
Event: 202.872 Thread 0x0000020dfb244c30 DEOPT UNPACKING pc=0x0000020d9f603aa2 sp=0x0000008ebe3fded0 mode 2
Event: 202.872 Thread 0x0000020dfb244c30 Uncommon trap: trap_request=0xffffffc6 fr.pc=0x0000020da06f2f98 relative=0x0000000000000158
Event: 202.872 Thread 0x0000020dfb244c30 Uncommon trap: reason=bimorphic_or_optimized_type_check action=maybe_recompile pc=0x0000020da06f2f98 method=org.eclipse.jdt.internal.compiler.lookup.ParameterizedTypeBinding.erasure()Lorg/eclipse/jdt/internal/compiler/lookup/TypeBinding; @ 4 c2
Event: 202.872 Thread 0x0000020dfb244c30 DEOPT PACKING pc=0x0000020da06f2f98 sp=0x0000008ebe3fdfc0
Event: 202.872 Thread 0x0000020dfb244c30 DEOPT UNPACKING pc=0x0000020d9f603aa2 sp=0x0000008ebe3fdef0 mode 2
Event: 202.873 Thread 0x0000020dfb244c30 DEOPT PACKING pc=0x0000020d9aad8fd6 sp=0x0000008ebe3fd420
Event: 202.873 Thread 0x0000020dfb244c30 DEOPT UNPACKING pc=0x0000020d9f604242 sp=0x0000008ebe3fc8b8 mode 0
Event: 202.873 Thread 0x0000020dfb244c30 Uncommon trap: trap_request=0xffffffc6 fr.pc=0x0000020da06f2f98 relative=0x0000000000000158
Event: 202.873 Thread 0x0000020dfb244c30 Uncommon trap: reason=bimorphic_or_optimized_type_check action=maybe_recompile pc=0x0000020da06f2f98 method=org.eclipse.jdt.internal.compiler.lookup.ParameterizedTypeBinding.erasure()Lorg/eclipse/jdt/internal/compiler/lookup/TypeBinding; @ 4 c2
Event: 202.873 Thread 0x0000020dfb244c30 DEOPT PACKING pc=0x0000020da06f2f98 sp=0x0000008ebe3fdfa0
Event: 202.873 Thread 0x0000020dfb244c30 DEOPT UNPACKING pc=0x0000020d9f603aa2 sp=0x0000008ebe3fded0 mode 2
Event: 202.873 Thread 0x0000020dfb244c30 Uncommon trap: trap_request=0xffffffc6 fr.pc=0x0000020d9ff8d59c relative=0x000000000000007c
Event: 202.873 Thread 0x0000020dfb244c30 Uncommon trap: reason=bimorphic_or_optimized_type_check action=maybe_recompile pc=0x0000020d9ff8d59c method=org.eclipse.jdt.internal.compiler.lookup.ParameterizedTypeBinding.erasure()Lorg/eclipse/jdt/internal/compiler/lookup/TypeBinding; @ 4 c2
Event: 202.873 Thread 0x0000020dfb244c30 DEOPT PACKING pc=0x0000020d9ff8d59c sp=0x0000008ebe3fdf60
Event: 202.873 Thread 0x0000020dfb244c30 DEOPT UNPACKING pc=0x0000020d9f603aa2 sp=0x0000008ebe3fdef0 mode 2
Event: 415.901 Thread 0x0000020df3514c60 Uncommon trap: trap_request=0xffffff45 fr.pc=0x0000020da040b69c relative=0x000000000000431c
Event: 415.901 Thread 0x0000020df3514c60 Uncommon trap: reason=unstable_if action=reinterpret pc=0x0000020da040b69c method=org.eclipse.m2e.core.internal.project.registry.ProjectRegistryReader$2.replaceObject(Ljava/lang/Object;)Ljava/lang/Object; @ 25 c2
Event: 415.901 Thread 0x0000020df3514c60 DEOPT PACKING pc=0x0000020da040b69c sp=0x0000008ebb6fe5f0
Event: 415.901 Thread 0x0000020df3514c60 DEOPT UNPACKING pc=0x0000020d9f603aa2 sp=0x0000008ebb6fe578 mode 2

Classes loaded (20 events):
Event: 123.694 Loading class java/nio/file/attribute/PosixFileAttributes
Event: 123.694 Loading class java/nio/file/attribute/PosixFileAttributes done
Event: 132.634 Loading class java/util/concurrent/CompletableFuture$UniApply
Event: 132.635 Loading class java/util/concurrent/CompletableFuture$UniApply done
Event: 132.636 Loading class java/util/concurrent/CompletableFuture$UniExceptionally
Event: 132.657 Loading class java/util/concurrent/CompletableFuture$UniExceptionally done
Event: 132.841 Loading class java/lang/UnsupportedClassVersionError
Event: 132.843 Loading class java/lang/UnsupportedClassVersionError done
Event: 133.379 Loading class jdk/internal/event/SecurityPropertyModificationEvent
Event: 133.379 Loading class jdk/internal/event/SecurityPropertyModificationEvent done
Event: 133.594 Loading class java/util/zip/CheckedInputStream
Event: 133.595 Loading class java/util/zip/CheckedInputStream done
Event: 134.071 Loading class java/util/zip/GZIPInputStream$1
Event: 134.072 Loading class java/util/zip/GZIPInputStream$1 done
Event: 140.229 Loading class java/util/HashMap$EntrySpliterator
Event: 140.230 Loading class java/util/HashMap$EntrySpliterator done
Event: 143.238 Loading class jdk/internal/module/IllegalAccessLogger
Event: 143.238 Loading class jdk/internal/module/IllegalAccessLogger done
Event: 146.377 Loading class jdk/internal/module/IllegalAccessLogger
Event: 146.377 Loading class jdk/internal/module/IllegalAccessLogger done

Classes unloaded (20 events):
Event: 33.010 Thread 0x0000020d9392eb70 Unloading class 0x0000020dad1b2000 'java/lang/invoke/LambdaForm$DMH+0x0000020dad1b2000'
Event: 35.863 Thread 0x0000020d9392eb70 Unloading class 0x0000020dad2e6400 'java/lang/invoke/LambdaForm$MH+0x0000020dad2e6400'
Event: 35.863 Thread 0x0000020d9392eb70 Unloading class 0x0000020dad2e5c00 'java/lang/invoke/LambdaForm$MH+0x0000020dad2e5c00'
Event: 35.863 Thread 0x0000020d9392eb70 Unloading class 0x0000020dad2e5000 'java/lang/invoke/LambdaForm$MH+0x0000020dad2e5000'
Event: 35.863 Thread 0x0000020d9392eb70 Unloading class 0x0000020dad2e4800 'java/lang/invoke/LambdaForm$MH+0x0000020dad2e4800'
Event: 35.863 Thread 0x0000020d9392eb70 Unloading class 0x0000020dad2e4000 'java/lang/invoke/LambdaForm$DMH+0x0000020dad2e4000'
Event: 35.863 Thread 0x0000020d9392eb70 Unloading class 0x0000020dad2e3800 'java/lang/invoke/LambdaForm$MH+0x0000020dad2e3800'
Event: 35.863 Thread 0x0000020d9392eb70 Unloading class 0x0000020dad2e0000 'java/lang/invoke/LambdaForm$MH+0x0000020dad2e0000'
Event: 35.863 Thread 0x0000020d9392eb70 Unloading class 0x0000020dad2df800 'java/lang/invoke/LambdaForm$MH+0x0000020dad2df800'
Event: 35.863 Thread 0x0000020d9392eb70 Unloading class 0x0000020dad2df000 'java/lang/invoke/LambdaForm$MH+0x0000020dad2df000'
Event: 35.863 Thread 0x0000020d9392eb70 Unloading class 0x0000020dad2de800 'java/lang/invoke/LambdaForm$MH+0x0000020dad2de800'
Event: 35.863 Thread 0x0000020d9392eb70 Unloading class 0x0000020dad2de000 'java/lang/invoke/LambdaForm$MH+0x0000020dad2de000'
Event: 35.863 Thread 0x0000020d9392eb70 Unloading class 0x0000020dad2dd800 'java/lang/invoke/LambdaForm$MH+0x0000020dad2dd800'
Event: 35.863 Thread 0x0000020d9392eb70 Unloading class 0x0000020dad2dd400 'java/lang/invoke/LambdaForm$MH+0x0000020dad2dd400'
Event: 35.863 Thread 0x0000020d9392eb70 Unloading class 0x0000020dad2dcc00 'java/lang/invoke/LambdaForm$MH+0x0000020dad2dcc00'
Event: 35.863 Thread 0x0000020d9392eb70 Unloading class 0x0000020dad2dc000 'java/lang/invoke/LambdaForm$DMH+0x0000020dad2dc000'
Event: 75.754 Thread 0x0000020d9392eb70 Unloading class 0x0000020dad641800 'java/lang/invoke/LambdaForm$DMH+0x0000020dad641800'
Event: 75.754 Thread 0x0000020d9392eb70 Unloading class 0x0000020dad641400 'java/lang/invoke/LambdaForm$DMH+0x0000020dad641400'
Event: 75.754 Thread 0x0000020d9392eb70 Unloading class 0x0000020dad641000 'java/lang/invoke/LambdaForm$DMH+0x0000020dad641000'
Event: 75.754 Thread 0x0000020d9392eb70 Unloading class 0x0000020dad640c00 'java/lang/invoke/LambdaForm$DMH+0x0000020dad640c00'

Classes redefined (0 events):
No events

Internal exceptions (20 events):
Event: 196.640 Thread 0x0000020df35152f0 Exception <a 'sun/nio/fs/WindowsException'{0x00000000d57813c8}> (0x00000000d57813c8) 
thrown [s\src\hotspot\share\prims\jni.cpp, line 520]
Event: 198.123 Thread 0x0000020df3514c60 Exception <a 'sun/nio/fs/WindowsException'{0x00000000d5610560}> (0x00000000d5610560) 
thrown [s\src\hotspot\share\prims\jni.cpp, line 520]
Event: 198.123 Thread 0x0000020df3514c60 Exception <a 'sun/nio/fs/WindowsException'{0x00000000d5615bb0}> (0x00000000d5615bb0) 
thrown [s\src\hotspot\share\prims\jni.cpp, line 520]
Event: 199.887 Thread 0x0000020dfb244c30 Implicit null exception at 0x0000020da02dffda to 0x0000020da02e0033
Event: 202.232 Thread 0x0000020dfb244c30 Exception <a 'sun/nio/fs/WindowsException'{0x00000000d57f21a0}> (0x00000000d57f21a0) 
thrown [s\src\hotspot\share\prims\jni.cpp, line 520]
Event: 202.232 Thread 0x0000020dfb244c30 Exception <a 'sun/nio/fs/WindowsException'{0x00000000d57f2a80}> (0x00000000d57f2a80) 
thrown [s\src\hotspot\share\prims\jni.cpp, line 520]
Event: 202.384 Thread 0x0000020dfb244c30 Exception <a 'sun/nio/fs/WindowsException'{0x00000000d5738aa8}> (0x00000000d5738aa8) 
thrown [s\src\hotspot\share\prims\jni.cpp, line 520]
Event: 202.384 Thread 0x0000020dfb244c30 Exception <a 'sun/nio/fs/WindowsException'{0x00000000d5739388}> (0x00000000d5739388) 
thrown [s\src\hotspot\share\prims\jni.cpp, line 520]
Event: 202.567 Thread 0x0000020dfb244c30 Exception <a 'sun/nio/fs/WindowsException'{0x00000000d593b360}> (0x00000000d593b360) 
thrown [s\src\hotspot\share\prims\jni.cpp, line 520]
Event: 202.567 Thread 0x0000020dfb244c30 Exception <a 'sun/nio/fs/WindowsException'{0x00000000d593bc40}> (0x00000000d593bc40) 
thrown [s\src\hotspot\share\prims\jni.cpp, line 520]
Event: 202.604 Thread 0x0000020dfb244c30 Exception <a 'sun/nio/fs/WindowsException'{0x00000000d5996e30}> (0x00000000d5996e30) 
thrown [s\src\hotspot\share\prims\jni.cpp, line 520]
Event: 202.604 Thread 0x0000020dfb244c30 Exception <a 'sun/nio/fs/WindowsException'{0x00000000d5997710}> (0x00000000d5997710) 
thrown [s\src\hotspot\share\prims\jni.cpp, line 520]
Event: 202.689 Thread 0x0000020dfb244c30 Exception <a 'sun/nio/fs/WindowsException'{0x00000000d5a72678}> (0x00000000d5a72678) 
thrown [s\src\hotspot\share\prims\jni.cpp, line 520]
Event: 202.689 Thread 0x0000020dfb244c30 Exception <a 'sun/nio/fs/WindowsException'{0x00000000d5a72f58}> (0x00000000d5a72f58) 
thrown [s\src\hotspot\share\prims\jni.cpp, line 520]
Event: 202.725 Thread 0x0000020dfb244c30 Exception <a 'sun/nio/fs/WindowsException'{0x00000000d5ac5d98}> (0x00000000d5ac5d98) 
thrown [s\src\hotspot\share\prims\jni.cpp, line 520]
Event: 202.725 Thread 0x0000020dfb244c30 Exception <a 'sun/nio/fs/WindowsException'{0x00000000d5ac6678}> (0x00000000d5ac6678) 
thrown [s\src\hotspot\share\prims\jni.cpp, line 520]
Event: 202.758 Thread 0x0000020dfb244c30 Exception <a 'sun/nio/fs/WindowsException'{0x00000000d558cf70}> (0x00000000d558cf70) 
thrown [s\src\hotspot\share\prims\jni.cpp, line 520]
Event: 202.758 Thread 0x0000020dfb244c30 Exception <a 'sun/nio/fs/WindowsException'{0x00000000d558d850}> (0x00000000d558d850) 
thrown [s\src\hotspot\share\prims\jni.cpp, line 520]
Event: 202.905 Thread 0x0000020dfb244c30 Exception <a 'sun/nio/fs/WindowsException'{0x00000000d57c27f0}> (0x00000000d57c27f0) 
thrown [s\src\hotspot\share\prims\jni.cpp, line 520]
Event: 202.905 Thread 0x0000020dfb244c30 Exception <a 'sun/nio/fs/WindowsException'{0x00000000d57c30d0}> (0x00000000d57c30d0) 
thrown [s\src\hotspot\share\prims\jni.cpp, line 520]

ZGC Phase Switch (0 events):
No events

VM Operations (20 events):
Event: 2224.890 Executing VM operation: RendezvousGCThreads
Event: 2224.890 Executing VM operation: RendezvousGCThreads done
Event: 2405.179 Executing VM operation: HandshakeAllThreads (HandshakeForDeflation)
Event: 2405.179 Executing VM operation: HandshakeAllThreads (HandshakeForDeflation) done
Event: 2405.179 Executing VM operation: RendezvousGCThreads
Event: 2405.179 Executing VM operation: RendezvousGCThreads done
Event: 2465.362 Executing VM operation: HandshakeAllThreads (HandshakeForDeflation)
Event: 2465.362 Executing VM operation: HandshakeAllThreads (HandshakeForDeflation) done
Event: 2465.362 Executing VM operation: RendezvousGCThreads
Event: 2465.362 Executing VM operation: RendezvousGCThreads done
Event: 2753.514 Executing VM operation: Cleanup
Event: 2753.514 Executing VM operation: Cleanup done
Event: 2825.116 Executing VM operation: Cleanup
Event: 2825.116 Executing VM operation: Cleanup done
Event: 2825.122 Executing VM operation: ParallelGCFailedAllocation (Allocation Failure)
Event: 2825.501 Executing VM operation: ParallelGCFailedAllocation (Allocation Failure) done
Event: 2826.513 Executing VM operation: Cleanup
Event: 2826.513 Executing VM operation: Cleanup done
Event: 2837.609 Executing VM operation: Cleanup
Event: 2837.609 Executing VM operation: Cleanup done

Memory protections (0 events):
No events

Nmethod flushes (20 events):
Event: 138.307 Thread 0x0000020d9392eb70 flushing  nmethod 0x0000020d994e0e90
Event: 138.307 Thread 0x0000020d9392eb70 flushing  nmethod 0x0000020d994e1f10
Event: 138.307 Thread 0x0000020d9392eb70 flushing  nmethod 0x0000020d994e2390
Event: 138.307 Thread 0x0000020d9392eb70 flushing  nmethod 0x0000020d994e3d10
Event: 138.307 Thread 0x0000020d9392eb70 flushing  nmethod 0x0000020d994e8810
Event: 138.307 Thread 0x0000020d9392eb70 flushing  nmethod 0x0000020d994e9410
Event: 138.307 Thread 0x0000020d9392eb70 flushing  nmethod 0x0000020d994ea790
Event: 138.307 Thread 0x0000020d9392eb70 flushing  nmethod 0x0000020d994eb510
Event: 138.307 Thread 0x0000020d9392eb70 flushing  nmethod 0x0000020d994ee210
Event: 138.307 Thread 0x0000020d9392eb70 flushing  nmethod 0x0000020d994fae90
Event: 138.307 Thread 0x0000020d9392eb70 flushing  nmethod 0x0000020d99544090
Event: 138.307 Thread 0x0000020d9392eb70 flushing  nmethod 0x0000020d99544810
Event: 138.307 Thread 0x0000020d9392eb70 flushing  nmethod 0x0000020d99544c90
Event: 138.307 Thread 0x0000020d9392eb70 flushing  nmethod 0x0000020d99564c10
Event: 138.307 Thread 0x0000020d9392eb70 flushing  nmethod 0x0000020d9956c890
Event: 138.307 Thread 0x0000020d9392eb70 flushing  nmethod 0x0000020d995a2290
Event: 138.307 Thread 0x0000020d9392eb70 flushing  nmethod 0x0000020d995c8f90
Event: 138.307 Thread 0x0000020d9392eb70 flushing  nmethod 0x0000020d995da990
Event: 138.307 Thread 0x0000020d9392eb70 flushing osr nmethod 0x0000020d995fc110
Event: 138.307 Thread 0x0000020d9392eb70 flushing  nmethod 0x0000020d99604210

Events (20 events):
Event: 417.550 Thread 0x0000020df3515980 Thread exited: 0x0000020df3515980
Event: 441.660 Thread 0x0000020df945eff0 Thread exited: 0x0000020df945eff0
Event: 441.660 Thread 0x0000020df94603a0 Thread exited: 0x0000020df94603a0
Event: 441.660 Thread 0x0000020df94610c0 Thread exited: 0x0000020df94610c0
Event: 441.661 Thread 0x0000020df9460a30 Thread exited: 0x0000020df9460a30
Event: 441.661 Thread 0x0000020df945e960 Thread exited: 0x0000020df945e960
Event: 442.946 Thread 0x0000020dfb23f050 Thread exited: 0x0000020dfb23f050
Event: 445.897 Thread 0x0000020df9461de0 Thread exited: 0x0000020df9461de0
Event: 445.897 Thread 0x0000020df9463820 Thread exited: 0x0000020df9463820
Event: 445.897 Thread 0x0000020df9465260 Thread exited: 0x0000020df9465260
Event: 445.897 Thread 0x0000020df9463eb0 Thread exited: 0x0000020df9463eb0
Event: 445.897 Thread 0x0000020df9464540 Thread exited: 0x0000020df9464540
Event: 446.086 Thread 0x0000020df6ea6b30 Thread exited: 0x0000020df6ea6b30
Event: 446.102 Thread 0x0000020df945dc40 Thread exited: 0x0000020df945dc40
Event: 446.404 Thread 0x0000020df9462470 Thread exited: 0x0000020df9462470
Event: 502.949 Thread 0x0000020dfb242b60 Thread exited: 0x0000020dfb242b60
Event: 506.091 Thread 0x0000020df6ea71c0 Thread exited: 0x0000020df6ea71c0
Event: 562.957 Thread 0x0000020dfb23e9c0 Thread exited: 0x0000020dfb23e9c0
Event: 566.106 Thread 0x0000020df6ea4a60 Thread exited: 0x0000020df6ea4a60
Event: 622.962 Thread 0x0000020dfb23fd70 Thread exited: 0x0000020dfb23fd70


Dynamic libraries:
0x00007ff689770000 - 0x00007ff68977e000 	c:\Users\GLOITEL\.vscode\extensions\redhat.java-1.45.0-win32-x64\jre\21.0.8-win32-x86_64\bin\java.exe
0x00007ffa95000000 - 0x00007ffa95267000 	C:\WINDOWS\SYSTEM32\ntdll.dll
0x00007ffa94dd0000 - 0x00007ffa94e99000 	C:\WINDOWS\System32\KERNEL32.DLL
0x00007ffa92320000 - 0x00007ffa92710000 	C:\WINDOWS\System32\KERNELBASE.dll
0x00007ffa92130000 - 0x00007ffa9227b000 	C:\WINDOWS\System32\ucrtbase.dll
0x00007ffa66470000 - 0x00007ffa66488000 	c:\Users\GLOITEL\.vscode\extensions\redhat.java-1.45.0-win32-x64\jre\21.0.8-win32-x86_64\bin\jli.dll
0x00007ffa23890000 - 0x00007ffa238ae000 	c:\Users\GLOITEL\.vscode\extensions\redhat.java-1.45.0-win32-x64\jre\21.0.8-win32-x86_64\bin\VCRUNTIME140.dll
0x00007ffa92de0000 - 0x00007ffa92fa5000 	C:\WINDOWS\System32\USER32.dll
0x00007ffa743f0000 - 0x00007ffa7468a000 	C:\WINDOWS\WinSxS\amd64_microsoft.windows.common-controls_6595b64144ccf1df_6.0.26100.4768_none_3e0c112ce331287c\COMCTL32.dll
0x00007ffa92870000 - 0x00007ffa92897000 	C:\WINDOWS\System32\win32u.dll
0x00007ffa93120000 - 0x00007ffa9314b000 	C:\WINDOWS\System32\GDI32.dll
0x00007ffa94f10000 - 0x00007ffa94fb9000 	C:\WINDOWS\System32\msvcrt.dll
0x00007ffa92c50000 - 0x00007ffa92d88000 	C:\WINDOWS\System32\gdi32full.dll
0x00007ffa92ba0000 - 0x00007ffa92c43000 	C:\WINDOWS\System32\msvcp_win.dll
0x00007ffa92d90000 - 0x00007ffa92dbf000 	C:\WINDOWS\System32\IMM32.DLL
0x00007ffa66400000 - 0x00007ffa6640c000 	c:\Users\GLOITEL\.vscode\extensions\redhat.java-1.45.0-win32-x64\jre\21.0.8-win32-x86_64\bin\vcruntime140_1.dll
0x00007ffa08830000 - 0x00007ffa088bd000 	c:\Users\GLOITEL\.vscode\extensions\redhat.java-1.45.0-win32-x64\jre\21.0.8-win32-x86_64\bin\msvcp140.dll
0x00007ff9c1fb0000 - 0x00007ff9c2d47000 	c:\Users\GLOITEL\.vscode\extensions\redhat.java-1.45.0-win32-x64\jre\21.0.8-win32-x86_64\bin\server\jvm.dll
0x00007ffa93750000 - 0x00007ffa93804000 	C:\WINDOWS\System32\ADVAPI32.dll
0x00007ffa936a0000 - 0x00007ffa93746000 	C:\WINDOWS\System32\sechost.dll
0x00007ffa94cb0000 - 0x00007ffa94dc8000 	C:\WINDOWS\System32\RPCRT4.dll
0x00007ffa94830000 - 0x00007ffa948a4000 	C:\WINDOWS\System32\WS2_32.dll
0x00007ffa90cd0000 - 0x00007ffa90d2e000 	C:\WINDOWS\SYSTEM32\POWRPROF.dll
0x00007ffa79020000 - 0x00007ffa79055000 	C:\WINDOWS\SYSTEM32\WINMM.dll
0x00007ffa8acb0000 - 0x00007ffa8acbb000 	C:\WINDOWS\SYSTEM32\VERSION.dll
0x00007ffa90cb0000 - 0x00007ffa90cc4000 	C:\WINDOWS\SYSTEM32\UMPDC.dll
0x00007ffa90f90000 - 0x00007ffa90fab000 	C:\WINDOWS\SYSTEM32\kernel.appcore.dll
0x00007ffa65df0000 - 0x00007ffa65dfa000 	c:\Users\GLOITEL\.vscode\extensions\redhat.java-1.45.0-win32-x64\jre\21.0.8-win32-x86_64\bin\jimage.dll
0x00007ffa8f2e0000 - 0x00007ffa8f521000 	C:\WINDOWS\SYSTEM32\DBGHELP.DLL
0x00007ffa93280000 - 0x00007ffa93605000 	C:\WINDOWS\System32\combase.dll
0x00007ffa92fb0000 - 0x00007ffa93090000 	C:\WINDOWS\System32\OLEAUT32.dll
0x00007ffa790e0000 - 0x00007ffa79123000 	C:\WINDOWS\SYSTEM32\dbgcore.DLL
0x00007ffa92280000 - 0x00007ffa92319000 	C:\WINDOWS\System32\bcryptPrimitives.dll
0x00007ffa65d20000 - 0x00007ffa65d2f000 	c:\Users\GLOITEL\.vscode\extensions\redhat.java-1.45.0-win32-x64\jre\21.0.8-win32-x86_64\bin\instrument.dll
0x00007ffa22b60000 - 0x00007ffa22b7f000 	c:\Users\GLOITEL\.vscode\extensions\redhat.java-1.45.0-win32-x64\jre\21.0.8-win32-x86_64\bin\java.dll
0x00007ffa93dc0000 - 0x00007ffa9450d000 	C:\WINDOWS\System32\SHELL32.dll
0x00007ffa92a20000 - 0x00007ffa92b93000 	C:\WINDOWS\System32\wintypes.dll
0x00007ffa8fd10000 - 0x00007ffa90570000 	C:\WINDOWS\SYSTEM32\windows.storage.dll
0x00007ffa93180000 - 0x00007ffa93275000 	C:\WINDOWS\System32\SHCORE.dll
0x00007ffa94ea0000 - 0x00007ffa94f0a000 	C:\WINDOWS\System32\shlwapi.dll
0x00007ffa92050000 - 0x00007ffa92079000 	C:\WINDOWS\SYSTEM32\profapi.dll
0x00007ffa216f0000 - 0x00007ffa21708000 	c:\Users\GLOITEL\.vscode\extensions\redhat.java-1.45.0-win32-x64\jre\21.0.8-win32-x86_64\bin\zip.dll
0x00007ffa5a3e0000 - 0x00007ffa5a3f0000 	C:\Users\GLOITEL\.vscode\extensions\redhat.java-1.45.0-win32-x64\jre\21.0.8-win32-x86_64\bin\net.dll
0x00007ffa894d0000 - 0x00007ffa895ee000 	C:\WINDOWS\SYSTEM32\WINHTTP.dll
0x00007ffa91500000 - 0x00007ffa9156b000 	C:\WINDOWS\system32\mswsock.dll
0x00007ffa216d0000 - 0x00007ffa216e6000 	C:\Users\GLOITEL\.vscode\extensions\redhat.java-1.45.0-win32-x64\jre\21.0.8-win32-x86_64\bin\nio.dll
0x00007ffa52e10000 - 0x00007ffa52e20000 	c:\Users\GLOITEL\.vscode\extensions\redhat.java-1.45.0-win32-x64\jre\21.0.8-win32-x86_64\bin\verify.dll
0x00007ffa12810000 - 0x00007ffa12854000 	C:\Users\GLOITEL\AppData\Roaming\Code\User\globalStorage\redhat.java\1.45.0\config_win\org.eclipse.equinox.launcher\org.eclipse.equinox.launcher.win32.win32.x86_64_1.2.1400.v20250801-0854\eclipse_11916.dll
0x00007ffa94680000 - 0x00007ffa94820000 	C:\WINDOWS\System32\ole32.dll
0x00007ffa610f0000 - 0x00007ffa610fa000 	C:\Users\GLOITEL\.vscode\extensions\redhat.java-1.45.0-win32-x64\jre\21.0.8-win32-x86_64\bin\management.dll
0x00007ffa52dc0000 - 0x00007ffa52dcb000 	C:\Users\GLOITEL\.vscode\extensions\redhat.java-1.45.0-win32-x64\jre\21.0.8-win32-x86_64\bin\management_ext.dll
0x00007ffa92dd0000 - 0x00007ffa92dd8000 	C:\WINDOWS\System32\PSAPI.DLL
0x00007ffa918e0000 - 0x00007ffa918fb000 	C:\WINDOWS\SYSTEM32\CRYPTSP.dll
0x00007ffa90ef0000 - 0x00007ffa90f2b000 	C:\WINDOWS\system32\rsaenh.dll
0x00007ffa915a0000 - 0x00007ffa915cb000 	C:\WINDOWS\SYSTEM32\USERENV.dll
0x00007ffa92020000 - 0x00007ffa92046000 	C:\WINDOWS\SYSTEM32\bcrypt.dll
0x00007ffa91740000 - 0x00007ffa9174c000 	C:\WINDOWS\SYSTEM32\CRYPTBASE.dll
0x00007ffa908e0000 - 0x00007ffa90913000 	C:\WINDOWS\SYSTEM32\IPHLPAPI.DLL
0x00007ffa94ca0000 - 0x00007ffa94caa000 	C:\WINDOWS\System32\NSI.dll
0x00007ffa0d570000 - 0x00007ffa0d5b9000 	C:\Users\GLOITEL\AppData\Local\Temp\jna-839283228\jna4081868715734600811.dll
0x00007ffa892e0000 - 0x00007ffa892ff000 	C:\WINDOWS\SYSTEM32\dhcpcsvc6.DLL
0x00007ffa89190000 - 0x00007ffa891b5000 	C:\WINDOWS\SYSTEM32\dhcpcsvc.DLL
0x00007ffa39400000 - 0x00007ffa3940e000 	C:\Users\GLOITEL\.vscode\extensions\redhat.java-1.45.0-win32-x64\jre\21.0.8-win32-x86_64\bin\sunmscapi.dll
0x00007ffa928a0000 - 0x00007ffa92a17000 	C:\WINDOWS\System32\CRYPT32.dll
0x00007ffa91a40000 - 0x00007ffa91a70000 	C:\WINDOWS\SYSTEM32\ncrypt.dll
0x00007ffa919f0000 - 0x00007ffa91a2f000 	C:\WINDOWS\SYSTEM32\NTASN1.dll
0x00007ffa90920000 - 0x00007ffa90a46000 	C:\WINDOWS\SYSTEM32\DNSAPI.dll
0x00007ffa77030000 - 0x00007ffa7703b000 	C:\Windows\System32\rasadhlp.dll
0x00007ffa83520000 - 0x00007ffa835a6000 	C:\WINDOWS\System32\fwpuclnt.dll
0x00007ffa35730000 - 0x00007ffa35739000 	C:\Users\GLOITEL\.vscode\extensions\redhat.java-1.45.0-win32-x64\jre\21.0.8-win32-x86_64\bin\extnet.dll

JVMTI agents:
c:\Users\GLOITEL\.vscode\extensions\redhat.java-1.45.0-win32-x64\lombok\lombok-1.18.39-4050.jar path:c:\Users\GLOITEL\.vscode\extensions\redhat.java-1.45.0-win32-x64\jre\21.0.8-win32-x86_64\bin\instrument.dll, loaded, initialized, instrumentlib options:none

dbghelp: loaded successfully - version: 4.0.5 - missing functions: none
symbol engine: initialized successfully - sym options: 0x614 - pdb path: .;c:\Users\GLOITEL\.vscode\extensions\redhat.java-1.45.0-win32-x64\jre\21.0.8-win32-x86_64\bin;C:\WINDOWS\SYSTEM32;C:\WINDOWS\WinSxS\amd64_microsoft.windows.common-controls_6595b64144ccf1df_6.0.26100.4768_none_3e0c112ce331287c;c:\Users\GLOITEL\.vscode\extensions\redhat.java-1.45.0-win32-x64\jre\21.0.8-win32-x86_64\bin\server;C:\Users\GLOITEL\AppData\Roaming\Code\User\globalStorage\redhat.java\1.45.0\config_win\org.eclipse.equinox.launcher\org.eclipse.equinox.launcher.win32.win32.x86_64_1.2.1400.v20250801-0854;C:\Users\GLOITEL\AppData\Local\Temp\jna-839283228

VM Arguments:
jvm_args: --add-modules=ALL-SYSTEM --add-opens=java.base/java.util=ALL-UNNAMED --add-opens=java.base/java.lang=ALL-UNNAMED --add-opens=java.base/sun.nio.fs=ALL-UNNAMED -Declipse.application=org.eclipse.jdt.ls.core.id1 -Dosgi.bundles.defaultStartLevel=4 -Declipse.product=org.eclipse.jdt.ls.core.product -Djava.import.generatesMetadataFilesAtProjectRoot=false -DDetectVMInstallationsJob.disabled=true -Dfile.encoding=utf8 -XX:+UseParallelGC -XX:GCTimeRatio=4 -XX:AdaptiveSizePolicyWeight=90 -Dsun.zip.disableMemoryMapping=true -Xmx2G -Xms100m -Xlog:disable -javaagent:c:\Users\GLOITEL\.vscode\extensions\redhat.java-1.45.0-win32-x64\lombok\lombok-1.18.39-4050.jar -XX:+HeapDumpOnOutOfMemoryError -XX:HeapDumpPath=c:\Users\GLOITEL\AppData\Roaming\Code\User\workspaceStorage\7bd19591c6fd340a123f30891192f5b5\redhat.java -Daether.dependencyCollector.impl=bf 
java_command: c:\Users\GLOITEL\.vscode\extensions\redhat.java-1.45.0-win32-x64\server\plugins\org.eclipse.equinox.launcher_1.7.0.v20250519-0528.jar -configuration c:\Users\GLOITEL\AppData\Roaming\Code\User\globalStorage\redhat.java\1.45.0\config_win -data c:\Users\GLOITEL\AppData\Roaming\Code\User\workspaceStorage\7bd19591c6fd340a123f30891192f5b5\redhat.java\jdt_ws --pipe=\\.\pipe\lsp-6cafd645ea8d6dfe15d244b5d6fe550c-sock
java_class_path (initial): c:\Users\GLOITEL\.vscode\extensions\redhat.java-1.45.0-win32-x64\server\plugins\org.eclipse.equinox.launcher_1.7.0.v20250519-0528.jar
Launcher Type: SUN_STANDARD

[Global flags]
    uintx AdaptiveSizePolicyWeight                 = 90                                        {product} {command line}
     intx CICompilerCount                          = 4                                         {product} {ergonomic}
    uintx GCTimeRatio                              = 4                                         {product} {command line}
     bool HeapDumpOnOutOfMemoryError               = true                                   {manageable} {command line}
    ccstr HeapDumpPath                             = c:\Users\GLOITEL\AppData\Roaming\Code\User\workspaceStorage\7bd19591c6fd340a123f30891192f5b5\redhat.java         {manageable} {command line}
   size_t InitialHeapSize                          = 104857600                                 {product} {command line}
   size_t MaxHeapSize                              = 2147483648                                {product} {command line}
   size_t MaxNewSize                               = 715653120                                 {product} {ergonomic}
   size_t MinHeapDeltaBytes                        = 524288                                    {product} {ergonomic}
   size_t MinHeapSize                              = 104857600                                 {product} {command line}
   size_t NewSize                                  = 34603008                                  {product} {ergonomic}
    uintx NonNMethodCodeHeapSize                   = 5839372                                {pd product} {ergonomic}
    uintx NonProfiledCodeHeapSize                  = 122909434                              {pd product} {ergonomic}
   size_t OldSize                                  = 70254592                                  {product} {ergonomic}
    uintx ProfiledCodeHeapSize                     = 122909434                              {pd product} {ergonomic}
    uintx ReservedCodeCacheSize                    = 251658240                              {pd product} {ergonomic}
     bool SegmentedCodeCache                       = true                                      {product} {ergonomic}
   size_t SoftMaxHeapSize                          = 2147483648                             {manageable} {ergonomic}
     bool UseCompressedOops                        = true                           {product lp64_product} {ergonomic}
     bool UseLargePagesIndividualAllocation        = false                                  {pd product} {ergonomic}
     bool UseParallelGC                            = true                                      {product} {command line}

Logging:
Log output configuration:
 #0: stdout all=off uptime,level,tags foldmultilines=false
 #1: stderr all=off uptime,level,tags foldmultilines=false

Environment Variables:
PATH=c:\Users\GLOITEL\AppData\Local\Programs\cursor\resources\app\bin;C:\Program Files\Common Files\Oracle\Java\javapath;C:\WINDOWS\system32;C:\WINDOWS;C:\WINDOWS\System32\Wbem;C:\WINDOWS\System32\WindowsPowerShell\v1.0\;C:\WINDOWS\System32\OpenSSH\;C:\Program Files\Git\cmd;C:\Program Files\PuTTY\;C:\Program Files\Docker\Docker\resources\bin;C:\Program Files\nodejs\;C:\Users\GLOITEL\AppData\Local\Microsoft\WindowsApps;;C:\Program Files\JetBrains\IntelliJ IDEA Community Edition 2025.1.3\bin;;C:\Users\GLOITEL\AppData\Local\Programs\cursor\resources\app\bin;C:\Users\GLOITEL\AppData\Roaming\npm;c:\Users\GLOITEL\AppData\Local\Programs\cursor\resources\app\bin;C:\Users\GLOITEL\AppData\Local\Programs\Python\Python313\Scripts\;C:\Users\GLOITEL\AppData\Local\Programs\Python\Python313\;C:\Users\GLOITEL\AppData\Local\Programs\Python\Launcher\;C:\Users\GLOITEL\AppData\Local\Microsoft\WindowsApps;;C:\Program Files\JetBrains\IntelliJ IDEA Community Edition 2025.1.3\bin;;C:\Users\GLOITEL\AppData\Local\Programs\cursor\resources\app\bin;C:\Users\GLOITEL\AppData\Local\Programs\Microsoft VS Code\bin;C:\Users\GLOITEL\AppData\Roaming\npm
USERNAME=GLOITEL
OS=Windows_NT
PROCESSOR_IDENTIFIER=Intel64 Family 6 Model 142 Stepping 12, GenuineIntel
TMP=C:\Users\GLOITEL\AppData\Local\Temp
TEMP=C:\Users\GLOITEL\AppData\Local\Temp




Periodic native trim disabled

---------------  S Y S T E M  ---------------

OS:
 Windows 11 , 64 bit Build 26100 (10.0.26100.4768)
OS uptime: 1 days 4:34 hours
Hyper-V role detected

CPU: total 8 (initial active 8) (4 cores per cpu, 2 threads per core) family 6 model 142 stepping 12 microcode 0x100, cx8, cmov, fxsr, ht, mmx, 3dnowpref, sse, sse2, sse3, ssse3, sse4.1, sse4.2, popcnt, lzcnt, tsc, tscinvbit, avx, avx2, aes, erms, clmul, bmi1, bmi2, adx, fma, vzeroupper, clflush, clflushopt, hv, rdtscp, f16c
Processor Information for the first 8 processors :
  Max Mhz: 1896, Current Mhz: 1596, Mhz Limit: 1592

Memory: 4k page, system-wide physical 16190M (1217M free)
TotalPageFile size 28576M (AvailPageFile size 68M)
current process WorkingSet (physical memory assigned to process): 197M, peak: 1526M
current process commit charge ("private bytes"): 1456M, peak: 1463M

vm_info: OpenJDK 64-Bit Server VM (21.0.8+9-LTS) for windows-amd64 JRE (21.0.8+9-LTS), built on 2025-07-15T00:00:00Z by "admin" with MS VC++ 17.7 (VS2022)

END.
