#
# There is insufficient memory for the Java Runtime Environment to continue.
# Native memory allocation (malloc) failed to allocate 1048576 bytes. Error detail: AllocateHeap
# Possible reasons:
#   The system is out of physical RAM or swap space
#   This process is running with CompressedOops enabled, and the Java Heap may be blocking the growth of the native heap
# Possible solutions:
#   Reduce memory load on the system
#   Increase physical memory or swap space
#   Check if swap backing store is full
#   Decrease Java heap size (-Xmx/-Xms)
#   Decrease number of Java threads
#   Decrease Java thread stack sizes (-Xss)
#   Set larger code cache with -XX:ReservedCodeCacheSize=
#   JVM is running with Unscaled Compressed Oops mode in which the Java heap is
#     placed in the first 4GB address space. The Java Heap base address is the
#     maximum limit for the native heap growth. Please use -XX:HeapBaseMinAddress
#     to set the Java Heap base and to place the Java Heap above 4GB virtual address.
# This output file may be truncated or incomplete.
#
#  Out of Memory Error (allocation.cpp:44), pid=4976, tid=26968
#
# JRE version:  (21.0.8+9) (build )
# Java VM: OpenJDK 64-Bit Server VM (21.0.8+9-LTS, mixed mode, sharing, tiered, compressed oops, compressed class ptrs, parallel gc, windows-amd64)
# No core dump will be written. Minidumps are not enabled by default on client versions of Windows
#

---------------  S U M M A R Y ------------

Command Line: --add-modules=ALL-SYSTEM --add-opens=java.base/java.util=ALL-UNNAMED --add-opens=java.base/java.lang=ALL-UNNAMED --add-opens=java.base/sun.nio.fs=ALL-UNNAMED -Declipse.application=org.eclipse.jdt.ls.core.id1 -Dosgi.bundles.defaultStartLevel=4 -Declipse.product=org.eclipse.jdt.ls.core.product -Djava.import.generatesMetadataFilesAtProjectRoot=false -DDetectVMInstallationsJob.disabled=true -Dfile.encoding=utf8 -XX:+UseParallelGC -XX:GCTimeRatio=4 -XX:AdaptiveSizePolicyWeight=90 -Dsun.zip.disableMemoryMapping=true -Xmx2G -Xms100m -Xlog:disable -javaagent:c:\Users\GLOITEL\.vscode\extensions\redhat.java-1.45.0-win32-x64\lombok\lombok-1.18.39-4050.jar c:\Users\GLOITEL\.vscode\extensions\redhat.java-1.45.0-win32-x64\server\plugins\org.eclipse.equinox.launcher_1.7.0.v20250519-0528.jar -configuration c:\Users\GLOITEL\AppData\Roaming\Code\User\globalStorage\redhat.java\1.45.0\config_ss_win -data c:\Users\GLOITEL\AppData\Roaming\Code\User\workspaceStorage\7bd19591c6fd340a123f30891192f5b5\redhat.java\ss_ws --pipe=\\.\pipe\lsp-5d4b812a3371900b4651b301d61656ec-sock

Host: Intel(R) Core(TM) i5-8365U CPU @ 1.60GHz, 8 cores, 15G,  Windows 11 , 64 bit Build 26100 (10.0.26100.4768)
Time: Mon Sep  8 16:27:59 2025 India Standard Time elapsed time: 1.153076 seconds (0d 0h 0m 1s)

---------------  T H R E A D  ---------------

Current thread (0x000001b14d97a5d0):  JavaThread "Unknown thread" [_thread_in_vm, id=26968, stack(0x000000a7d5700000,0x000000a7d5800000) (1024K)]

Stack: [0x000000a7d5700000,0x000000a7d5800000]
Native frames: (J=compiled Java code, j=interpreted, Vv=VM code, C=native code)
V  [jvm.dll+0x6d2449]
V  [jvm.dll+0x8ae341]
V  [jvm.dll+0x8b08be]
V  [jvm.dll+0x8b0fa3]
V  [jvm.dll+0x280c96]
V  [jvm.dll+0xc0347]
V  [jvm.dll+0x706372]
V  [jvm.dll+0x7070ac]
V  [jvm.dll+0x6e0f43]
V  [jvm.dll+0x877c7c]
V  [jvm.dll+0x3becec]
V  [jvm.dll+0x8606d8]
V  [jvm.dll+0x4530ee]
V  [jvm.dll+0x454d31]
C  [jli.dll+0x5278]
C  [ucrtbase.dll+0x37b0]
C  [KERNEL32.DLL+0x2e8d7]
C  [ntdll.dll+0x3c34c]


---------------  P R O C E S S  ---------------

Threads class SMR info:
_java_thread_list=0x000001b1666ba5b0, length=1, elements={
0x000001b14d97a5d0
}

Java Threads: ( => current thread )
=>0x000001b14d97a5d0 JavaThread "Unknown thread"             [_thread_in_vm, id=26968, stack(0x000000a7d5700000,0x000000a7d5800000) (1024K)]
Total: 1

Other Threads:
  0x000001b1666bca10 WatcherThread "VM Periodic Task Thread"        [id=9240, stack(0x000000a7d5900000,0x000000a7d5a00000) (1024K)]
  0x000001b14fd5dd10 WorkerThread "GC Thread#0"                     [id=20656, stack(0x000000a7d5800000,0x000000a7d5900000) (1024K)]
Total: 2

Threads with active compile tasks:
Total: 0

VM state: not at safepoint (normal execution)

VM Mutex/Monitor currently owned by a thread: None

Heap address: 0x0000000080000000, size: 2048 MB, Compressed Oops mode: 32-bit

CDS archive(s) mapped at: [0x000001b100000000-0x000001b100ba0000-0x000001b100ba0000), size 12189696, SharedBaseAddress: 0x000001b100000000, ArchiveRelocationMode: 1.
Compressed class space mapped at: 0x000001b101000000-0x000001b141000000, reserved size: 1073741824
Narrow klass base: 0x000001b100000000, Narrow klass shift: 0, Narrow klass range: 0x100000000

GC Precious Log:
 CardTable entry size: 512
 CPUs: 8 total, 8 available
 Memory: 16190M
 Large Page Support: Disabled
 NUMA Support: Disabled
 Compressed Oops: Enabled (32-bit)
 Alignments: Space 512K, Generation 512K, Heap 2M
 Heap Min Capacity: 100M
 Heap Initial Capacity: 100M
 Heap Max Capacity: 2G
 Pre-touch: Disabled
 Parallel Workers: 8

Heap:
 PSYoungGen      total 29696K, used 512K [0x00000000d5580000, 0x00000000d7680000, 0x0000000100000000)
  eden space 25600K, 2% used [0x00000000d5580000,0x00000000d5600020,0x00000000d6e80000)
  from space 4096K, 0% used [0x00000000d7280000,0x00000000d7280000,0x00000000d7680000)
  to   space 4096K, 0% used [0x00000000d6e80000,0x00000000d6e80000,0x00000000d7280000)
 ParOldGen       total 68608K, used 0K [0x0000000080000000, 0x0000000084300000, 0x00000000d5580000)
  object space 68608K, 0% used [0x0000000080000000,0x0000000080000000,0x0000000084300000)
 Metaspace       used 0K, committed 0K, reserved 1048576K
  class space    used 0K, committed 0K, reserved 1048576K

Card table byte_map: [0x000001b14f710000,0x000001b14fb20000] _byte_map_base: 0x000001b14f310000

Marking Bits: (ParMarkBitMap*) 0x00007ffa060da340
 Begin Bits: [0x000001b1621e0000, 0x000001b1641e0000)
 End Bits:   [0x000001b1641e0000, 0x000001b1661e0000)

Polling page: 0x000001b14f500000

Metaspace:

Usage:
  Non-class:      0 bytes used.
      Class:      0 bytes used.
       Both:      0 bytes used.

Virtual space:
  Non-class space:        0 bytes reserved,       0 bytes (  ?%) committed,  0 nodes.
      Class space:        1.00 GB reserved,       0 bytes (  0%) committed,  1 nodes.
             Both:        1.00 GB reserved,       0 bytes (  0%) committed. 

Chunk freelists:
   Non-Class:  0 bytes
       Class:  16.00 MB
        Both:  16.00 MB

MaxMetaspaceSize: unlimited
CompressedClassSpaceSize: 1.00 GB
Initial GC threshold: 21.00 MB
Current GC threshold: 17179869184.00 GB
CDS: on
 - commit_granule_bytes: 65536.
 - commit_granule_words: 8192.
 - virtual_space_node_default_size: 8388608.
 - enlarge_chunks_in_place: 1.
 - use_allocation_guard: 0.


Internal statistics:

num_allocs_failed_limit: 0.
num_arena_births: 0.
num_arena_deaths: 0.
num_vsnodes_births: 1.
num_vsnodes_deaths: 0.
num_space_committed: 0.
num_space_uncommitted: 0.
num_chunks_returned_to_freelist: 0.
num_chunks_taken_from_freelist: 1.
num_chunk_merges: 0.
num_chunk_splits: 1.
num_chunks_enlarged: 0.
num_inconsistent_stats: 0.

CodeHeap 'non-profiled nmethods': size=120000Kb used=0Kb max_used=0Kb free=120000Kb
 bounds [0x000001b15aa00000, 0x000001b15ac70000, 0x000001b161f30000]
CodeHeap 'profiled nmethods': size=120000Kb used=0Kb max_used=0Kb free=120000Kb
 bounds [0x000001b152f30000, 0x000001b1531a0000, 0x000001b15a460000]
CodeHeap 'non-nmethods': size=5760Kb used=194Kb max_used=342Kb free=5565Kb
 bounds [0x000001b15a460000, 0x000001b15a6d0000, 0x000001b15aa00000]
CodeCache: size=245760Kb, used=194Kb, max_used=342Kb, free=245565Kb
 total_blobs=70, nmethods=0, adapters=48, full_count=0
Compilation: enabled, stopped_count=0, restarted_count=0

Compilation events (0 events):
No events

GC Heap History (0 events):
No events

Dll operation events (1 events):
Event: 0.088 Loaded shared library c:\Users\GLOITEL\.vscode\extensions\redhat.java-1.45.0-win32-x64\jre\21.0.8-win32-x86_64\bin\java.dll

Deoptimization events (0 events):
No events

Classes loaded (0 events):
No events

Classes unloaded (0 events):
No events

Classes redefined (0 events):
No events

Internal exceptions (0 events):
No events

ZGC Phase Switch (0 events):
No events

VM Operations (0 events):
No events

Memory protections (0 events):
No events

Nmethod flushes (0 events):
No events

Events (1 events):
Event: 0.136 Thread 0x000001b14d97a5d0 Thread added: 0x000001b14d97a5d0


Dynamic libraries:
0x00007ff7d0ba0000 - 0x00007ff7d0bae000 	c:\Users\GLOITEL\.vscode\extensions\redhat.java-1.45.0-win32-x64\jre\21.0.8-win32-x86_64\bin\java.exe
0x00007ffa95000000 - 0x00007ffa95267000 	C:\WINDOWS\SYSTEM32\ntdll.dll
0x00007ffa94dd0000 - 0x00007ffa94e99000 	C:\WINDOWS\System32\KERNEL32.DLL
0x00007ffa92320000 - 0x00007ffa92710000 	C:\WINDOWS\System32\KERNELBASE.dll
0x00007ffa92130000 - 0x00007ffa9227b000 	C:\WINDOWS\System32\ucrtbase.dll
0x00007ffa6b870000 - 0x00007ffa6b88e000 	c:\Users\GLOITEL\.vscode\extensions\redhat.java-1.45.0-win32-x64\jre\21.0.8-win32-x86_64\bin\VCRUNTIME140.dll
0x00007ffa6d870000 - 0x00007ffa6d888000 	c:\Users\GLOITEL\.vscode\extensions\redhat.java-1.45.0-win32-x64\jre\21.0.8-win32-x86_64\bin\jli.dll
0x00007ffa92de0000 - 0x00007ffa92fa5000 	C:\WINDOWS\System32\USER32.dll
0x00007ffa92870000 - 0x00007ffa92897000 	C:\WINDOWS\System32\win32u.dll
0x00007ffa93120000 - 0x00007ffa9314b000 	C:\WINDOWS\System32\GDI32.dll
0x00007ffa92c50000 - 0x00007ffa92d88000 	C:\WINDOWS\System32\gdi32full.dll
0x00007ffa92ba0000 - 0x00007ffa92c43000 	C:\WINDOWS\System32\msvcp_win.dll
0x00007ffa743f0000 - 0x00007ffa7468a000 	C:\WINDOWS\WinSxS\amd64_microsoft.windows.common-controls_6595b64144ccf1df_6.0.26100.4768_none_3e0c112ce331287c\COMCTL32.dll
0x00007ffa94f10000 - 0x00007ffa94fb9000 	C:\WINDOWS\System32\msvcrt.dll
0x00007ffa92d90000 - 0x00007ffa92dbf000 	C:\WINDOWS\System32\IMM32.DLL
0x00007ffa87420000 - 0x00007ffa8742c000 	c:\Users\GLOITEL\.vscode\extensions\redhat.java-1.45.0-win32-x64\jre\21.0.8-win32-x86_64\bin\vcruntime140_1.dll
0x00007ffa67210000 - 0x00007ffa6729d000 	c:\Users\GLOITEL\.vscode\extensions\redhat.java-1.45.0-win32-x64\jre\21.0.8-win32-x86_64\bin\msvcp140.dll
0x00007ffa05420000 - 0x00007ffa061b7000 	c:\Users\GLOITEL\.vscode\extensions\redhat.java-1.45.0-win32-x64\jre\21.0.8-win32-x86_64\bin\server\jvm.dll
0x00007ffa93750000 - 0x00007ffa93804000 	C:\WINDOWS\System32\ADVAPI32.dll
0x00007ffa936a0000 - 0x00007ffa93746000 	C:\WINDOWS\System32\sechost.dll
0x00007ffa94cb0000 - 0x00007ffa94dc8000 	C:\WINDOWS\System32\RPCRT4.dll
0x00007ffa94830000 - 0x00007ffa948a4000 	C:\WINDOWS\System32\WS2_32.dll
0x00007ffa8acb0000 - 0x00007ffa8acbb000 	C:\WINDOWS\SYSTEM32\VERSION.dll
0x00007ffa79020000 - 0x00007ffa79055000 	C:\WINDOWS\SYSTEM32\WINMM.dll
0x00007ffa90cd0000 - 0x00007ffa90d2e000 	C:\WINDOWS\SYSTEM32\POWRPROF.dll
0x00007ffa90cb0000 - 0x00007ffa90cc4000 	C:\WINDOWS\SYSTEM32\UMPDC.dll
0x00007ffa90f90000 - 0x00007ffa90fab000 	C:\WINDOWS\SYSTEM32\kernel.appcore.dll
0x00007ffa82f10000 - 0x00007ffa82f1a000 	c:\Users\GLOITEL\.vscode\extensions\redhat.java-1.45.0-win32-x64\jre\21.0.8-win32-x86_64\bin\jimage.dll
0x00007ffa8f2e0000 - 0x00007ffa8f521000 	C:\WINDOWS\SYSTEM32\DBGHELP.DLL
0x00007ffa93280000 - 0x00007ffa93605000 	C:\WINDOWS\System32\combase.dll
0x00007ffa92fb0000 - 0x00007ffa93090000 	C:\WINDOWS\System32\OLEAUT32.dll
0x00007ffa790e0000 - 0x00007ffa79123000 	C:\WINDOWS\SYSTEM32\dbgcore.DLL
0x00007ffa92280000 - 0x00007ffa92319000 	C:\WINDOWS\System32\bcryptPrimitives.dll
0x00007ffa7d410000 - 0x00007ffa7d41f000 	c:\Users\GLOITEL\.vscode\extensions\redhat.java-1.45.0-win32-x64\jre\21.0.8-win32-x86_64\bin\instrument.dll
0x00007ffa6a730000 - 0x00007ffa6a74f000 	c:\Users\GLOITEL\.vscode\extensions\redhat.java-1.45.0-win32-x64\jre\21.0.8-win32-x86_64\bin\java.dll

JVMTI agents:
c:\Users\GLOITEL\.vscode\extensions\redhat.java-1.45.0-win32-x64\lombok\lombok-1.18.39-4050.jar path:none, loaded, not initialized, instrumentlib options:none

dbghelp: loaded successfully - version: 4.0.5 - missing functions: none
symbol engine: initialized successfully - sym options: 0x614 - pdb path: .;c:\Users\GLOITEL\.vscode\extensions\redhat.java-1.45.0-win32-x64\jre\21.0.8-win32-x86_64\bin;C:\WINDOWS\SYSTEM32;C:\WINDOWS\WinSxS\amd64_microsoft.windows.common-controls_6595b64144ccf1df_6.0.26100.4768_none_3e0c112ce331287c;c:\Users\GLOITEL\.vscode\extensions\redhat.java-1.45.0-win32-x64\jre\21.0.8-win32-x86_64\bin\server

VM Arguments:
jvm_args: --add-modules=ALL-SYSTEM --add-opens=java.base/java.util=ALL-UNNAMED --add-opens=java.base/java.lang=ALL-UNNAMED --add-opens=java.base/sun.nio.fs=ALL-UNNAMED -Declipse.application=org.eclipse.jdt.ls.core.id1 -Dosgi.bundles.defaultStartLevel=4 -Declipse.product=org.eclipse.jdt.ls.core.product -Djava.import.generatesMetadataFilesAtProjectRoot=false -DDetectVMInstallationsJob.disabled=true -Dfile.encoding=utf8 -XX:+UseParallelGC -XX:GCTimeRatio=4 -XX:AdaptiveSizePolicyWeight=90 -Dsun.zip.disableMemoryMapping=true -Xmx2G -Xms100m -Xlog:disable -javaagent:c:\Users\GLOITEL\.vscode\extensions\redhat.java-1.45.0-win32-x64\lombok\lombok-1.18.39-4050.jar 
java_command: c:\Users\GLOITEL\.vscode\extensions\redhat.java-1.45.0-win32-x64\server\plugins\org.eclipse.equinox.launcher_1.7.0.v20250519-0528.jar -configuration c:\Users\GLOITEL\AppData\Roaming\Code\User\globalStorage\redhat.java\1.45.0\config_ss_win -data c:\Users\GLOITEL\AppData\Roaming\Code\User\workspaceStorage\7bd19591c6fd340a123f30891192f5b5\redhat.java\ss_ws --pipe=\\.\pipe\lsp-5d4b812a3371900b4651b301d61656ec-sock
java_class_path (initial): c:\Users\GLOITEL\.vscode\extensions\redhat.java-1.45.0-win32-x64\server\plugins\org.eclipse.equinox.launcher_1.7.0.v20250519-0528.jar
Launcher Type: SUN_STANDARD

[Global flags]
    uintx AdaptiveSizePolicyWeight                 = 90                                        {product} {command line}
     intx CICompilerCount                          = 4                                         {product} {ergonomic}
    uintx GCTimeRatio                              = 4                                         {product} {command line}
   size_t InitialHeapSize                          = 104857600                                 {product} {command line}
   size_t MaxHeapSize                              = 2147483648                                {product} {command line}
   size_t MaxNewSize                               = 715653120                                 {product} {ergonomic}
   size_t MinHeapDeltaBytes                        = 524288                                    {product} {ergonomic}
   size_t MinHeapSize                              = 104857600                                 {product} {command line}
   size_t NewSize                                  = 34603008                                  {product} {ergonomic}
    uintx NonNMethodCodeHeapSize                   = 5839372                                {pd product} {ergonomic}
    uintx NonProfiledCodeHeapSize                  = 122909434                              {pd product} {ergonomic}
   size_t OldSize                                  = 70254592                                  {product} {ergonomic}
    uintx ProfiledCodeHeapSize                     = 122909434                              {pd product} {ergonomic}
    uintx ReservedCodeCacheSize                    = 251658240                              {pd product} {ergonomic}
     bool SegmentedCodeCache                       = true                                      {product} {ergonomic}
   size_t SoftMaxHeapSize                          = 2147483648                             {manageable} {ergonomic}
     bool UseCompressedOops                        = true                           {product lp64_product} {ergonomic}
     bool UseLargePagesIndividualAllocation        = false                                  {pd product} {ergonomic}
     bool UseParallelGC                            = true                                      {product} {command line}

Logging:
Log output configuration:
 #0: stdout all=off uptime,level,tags foldmultilines=false
 #1: stderr all=off uptime,level,tags foldmultilines=false

Environment Variables:
PATH=c:\Users\GLOITEL\AppData\Local\Programs\cursor\resources\app\bin;C:\Program Files\Common Files\Oracle\Java\javapath;C:\WINDOWS\system32;C:\WINDOWS;C:\WINDOWS\System32\Wbem;C:\WINDOWS\System32\WindowsPowerShell\v1.0\;C:\WINDOWS\System32\OpenSSH\;C:\Program Files\Git\cmd;C:\Program Files\PuTTY\;C:\Program Files\Docker\Docker\resources\bin;C:\Program Files\nodejs\;C:\Users\GLOITEL\AppData\Local\Microsoft\WindowsApps;C:\Program Files\JetBrains\IntelliJ IDEA Community Edition 2025.1.3\bin;C:\Users\GLOITEL\AppData\Local\Programs\cursor\resources\app\bin;C:\Users\GLOITEL\AppData\Roaming\npm;c:\Users\GLOITEL\AppData\Local\Programs\cursor\resources\app\bin;C:\Program Files\PostgreSQL\17\bin;C:\Users\GLOITEL\AppData\Local\Programs\Python\Python313\Scripts\;C:\Users\GLOITEL\AppData\Local\Programs\Python\Python313\;C:\Users\GLOITEL\AppData\Local\Programs\Python\Launcher\;C:\Users\GLOITEL\AppData\Local\Microsoft\WindowsApps;;C:\Program Files\JetBrains\IntelliJ IDEA Community Edition 2025.1.3\bin;;C:\Users\GLOITEL\AppData\Local\Programs\cursor\resources\app\bin;C:\Users\GLOITEL\AppData\Local\Programs\Microsoft VS Code\bin;C:\Users\GLOITEL\AppData\Roaming\npm
USERNAME=GLOITEL
OS=Windows_NT
PROCESSOR_IDENTIFIER=Intel64 Family 6 Model 142 Stepping 12, GenuineIntel
TMP=C:\Users\GLOITEL\AppData\Local\Temp
TEMP=C:\Users\GLOITEL\AppData\Local\Temp




Periodic native trim disabled

---------------  S Y S T E M  ---------------

OS:
 Windows 11 , 64 bit Build 26100 (10.0.26100.4768)
OS uptime: 2 days 6:00 hours
Hyper-V role detected

CPU: total 8 (initial active 8) (4 cores per cpu, 2 threads per core) family 6 model 142 stepping 12 microcode 0x100, cx8, cmov, fxsr, ht, mmx, 3dnowpref, sse, sse2, sse3, ssse3, sse4.1, sse4.2, popcnt, lzcnt, tsc, tscinvbit, avx, avx2, aes, erms, clmul, bmi1, bmi2, adx, fma, vzeroupper, clflush, clflushopt, hv, rdtscp, f16c
Processor Information for the first 8 processors :
  Max Mhz: 1896, Current Mhz: 1596, Mhz Limit: 1592

Memory: 4k page, system-wide physical 16190M (697M free)
TotalPageFile size 28576M (AvailPageFile size 51M)
current process WorkingSet (physical memory assigned to process): 26M, peak: 26M
current process commit charge ("private bytes"): 195M, peak: 196M

vm_info: OpenJDK 64-Bit Server VM (21.0.8+9-LTS) for windows-amd64 JRE (21.0.8+9-LTS), built on 2025-07-15T00:00:00Z by "admin" with MS VC++ 17.7 (VS2022)

END.
